Log file open, 11/17/20 12:03:52
LogInit: Display: Running engine for game: stungun
LogPlatformFile: Not using cached read wrapper
LogTaskGraph: Started task graph with 5 named threads and 35 total threads with 3 sets of task threads.
LogStats: Stats thread started at 0.254568
LogD3D11RHI: Loaded GFSDK_Aftermath_Lib.x64.dll
LogICUInternationalization: ICU TimeZone Detection - Raw Offset: +3:00, Platform Override: ''
LogPluginManager: Mounting plugin Paper2D
LogPluginManager: Mounting plugin AISupport
LogPluginManager: Mounting plugin LightPropagationVolume
LogPluginManager: Mounting plugin CameraShakePreviewer
LogPluginManager: Mounting plugin ActorLayerUtilities
LogPluginManager: Mounting plugin AnimationSharing
LogPluginManager: Mounting plugin CLionSourceCodeAccess
LogPluginManager: Mounting plugin CodeLiteSourceCodeAccess
LogPluginManager: Mounting plugin GitSourceControl
LogPluginManager: Mounting plugin KDevelopSourceCodeAccess
LogPluginManager: Mounting plugin NullSourceCodeAccess
LogPluginManager: Mounting plugin PerforceSourceControl
LogPluginManager: Mounting plugin PlasticSourceControl
LogPluginManager: Mounting plugin RiderSourceCodeAccess
LogPluginManager: Mounting plugin SubversionSourceControl
LogPluginManager: Mounting plugin UObjectPlugin
LogPluginManager: Mounting plugin VisualStudioCodeSourceCodeAccess
LogPluginManager: Mounting plugin VisualStudioSourceCodeAccess
LogPluginManager: Mounting plugin XCodeSourceCodeAccess
LogPluginManager: Mounting plugin AssetManagerEditor
LogPluginManager: Mounting plugin CryptoKeys
LogPluginManager: Mounting plugin CurveEditorTools
LogPluginManager: Mounting plugin DataValidation
LogPluginManager: Mounting plugin EditorScriptingUtilities
LogPluginManager: Mounting plugin FacialAnimation
LogPluginManager: Mounting plugin GameplayTagsEditor
LogPluginManager: Mounting plugin GeometryMode
LogPluginManager: Mounting plugin MacGraphicsSwitching
LogPluginManager: Mounting plugin MaterialAnalyzer
LogPluginManager: Mounting plugin MobileLauncherProfileWizard
LogPluginManager: Mounting plugin PluginBrowser
LogPluginManager: Mounting plugin SpeedTreeImporter
LogPluginManager: Mounting plugin DatasmithContent
LogPluginManager: Mounting plugin VariantManagerContent
LogPluginManager: Mounting plugin AlembicImporter
LogPluginManager: Mounting plugin AutomationUtils
LogPluginManager: Mounting plugin BackChannel
LogPluginManager: Mounting plugin ChaosCloth
LogPluginManager: Mounting plugin ChaosClothEditor
LogPluginManager: Mounting plugin ChaosEditor
LogPluginManager: Mounting plugin ChaosNiagara
LogPluginManager: Mounting plugin ChaosSolverPlugin
LogPluginManager: Mounting plugin CharacterAI
LogPluginManager: Mounting plugin GeometryCache
LogPluginManager: Mounting plugin GeometryCollectionPlugin
LogPluginManager: Mounting plugin GeometryProcessing
LogPluginManager: Mounting plugin PlanarCut
LogPluginManager: Mounting plugin PlatformCrypto
LogPluginManager: Mounting plugin ProxyLODPlugin
LogPluginManager: Mounting plugin SkeletalReduction
LogPluginManager: Mounting plugin Niagara
LogPluginManager: Mounting plugin MagicLeap
LogPluginManager: Mounting plugin MagicLeapLightEstimation
LogPluginManager: Mounting plugin MagicLeapMedia
LogPluginManager: Mounting plugin MagicLeapPassableWorld
LogPluginManager: Mounting plugin MLSDK
LogPluginManager: Mounting plugin AndroidMedia
LogPluginManager: Mounting plugin AvfMedia
LogPluginManager: Mounting plugin ImgMedia
LogPluginManager: Mounting plugin MediaCompositing
LogPluginManager: Mounting plugin MediaPlayerEditor
LogPluginManager: Mounting plugin WebMMedia
LogPluginManager: Mounting plugin WmfMedia
LogPluginManager: Mounting plugin MeshPainting
LogPluginManager: Mounting plugin TcpMessaging
LogPluginManager: Mounting plugin UdpMessaging
LogPluginManager: Mounting plugin ActorSequence
LogPluginManager: Mounting plugin LevelSequenceEditor
LogPluginManager: Mounting plugin MatineeToLevelSequence
LogPluginManager: Mounting plugin MovieRenderPipeline
LogPluginManager: Mounting plugin TemplateSequence
LogPluginManager: Mounting plugin NetcodeUnitTest
LogPluginManager: Mounting plugin NUTUnrealEngine4
LogPluginManager: Mounting plugin OnlineSubsystemGooglePlay
LogPluginManager: Mounting plugin OnlineSubsystemIOS
LogPluginManager: Mounting plugin OnlineSubsystem
LogPluginManager: Mounting plugin OnlineSubsystemNull
LogPluginManager: Mounting plugin OnlineSubsystemUtils
LogPluginManager: Mounting plugin LauncherChunkInstaller
LogPluginManager: Mounting plugin AndroidDeviceProfileSelector
LogPluginManager: Mounting plugin AndroidMoviePlayer
LogPluginManager: Mounting plugin AndroidPermission
LogPluginManager: Mounting plugin AppleImageUtils
LogPluginManager: Mounting plugin AppleMoviePlayer
LogPluginManager: Mounting plugin ArchVisCharacter
LogPluginManager: Mounting plugin AssetTags
LogPluginManager: Mounting plugin AudioCapture
LogPluginManager: Mounting plugin CableComponent
LogPluginManager: Mounting plugin CustomMeshComponent
LogPluginManager: Mounting plugin EditableMesh
LogPluginManager: Mounting plugin ExampleDeviceProfileSelector
LogPluginManager: Mounting plugin GoogleCloudMessaging
LogPluginManager: Mounting plugin GooglePAD
LogPluginManager: Mounting plugin IOSDeviceProfileSelector
LogPluginManager: Mounting plugin LinuxDeviceProfileSelector
LogPluginManager: Mounting plugin LocationServicesBPLibrary
LogPluginManager: Mounting plugin MobilePatchingUtils
LogPluginManager: Mounting plugin OculusVR
LogPluginManager: Mounting plugin PhysXVehicles
LogPluginManager: Mounting plugin PostSplashScreen
LogPluginManager: Mounting plugin ProceduralMeshComponent
LogPluginManager: Mounting plugin RuntimePhysXCooking
LogPluginManager: Mounting plugin SignificanceManager
LogPluginManager: Mounting plugin SoundFields
LogPluginManager: Mounting plugin SteamVR
LogPluginManager: Mounting plugin Synthesis
LogPluginManager: Mounting plugin WebMMoviePlayer
LogPluginManager: Mounting plugin WindowsMoviePlayer
LogPluginManager: Mounting plugin ScreenshotTools
LogInit: Using libcurl 7.55.1-DEV
LogInit:  - built for x86_64-pc-win32
LogInit:  - supports SSL with OpenSSL/1.1.1
LogInit:  - supports HTTP deflate (compression) using libz 1.2.8
LogInit:  - other features:
LogInit:      CURL_VERSION_SSL
LogInit:      CURL_VERSION_LIBZ
LogInit:      CURL_VERSION_IPV6
LogInit:      CURL_VERSION_ASYNCHDNS
LogInit:      CURL_VERSION_LARGEFILE
LogInit:      CURL_VERSION_IDN
LogInit:  CurlRequestOptions (configurable via config and command line):
LogInit:  - bVerifyPeer = true  - Libcurl will verify peer certificate
LogInit:  - bUseHttpProxy = false  - Libcurl will NOT use HTTP proxy
LogInit:  - bDontReuseConnections = false  - Libcurl will reuse connections
LogInit:  - MaxHostConnections = 16  - Libcurl will limit the number of connections to a host
LogInit:  - LocalHostAddr = Default
LogInit:  - BufferSize = 65536
LogOnline: OSS: Creating online subsystem instance for: NULL
LogInit: WinSock: version 1.1 (2.2), MaxSocks=32767, MaxUdp=65467
LogOnline: OSS: TryLoadSubsystemAndSetDefault: Loaded subsystem for module [NULL]
LogInit: Build: ++UE4+Release-4.25-CL-13942748
LogInit: Engine Version: 4.25.3-13942748+++UE4+Release-4.25
LogInit: Compatible Engine Version: 4.25.0-13144385+++UE4+Release-4.25
LogInit: Net CL: 13144385
LogInit: OS: Windows 10 (Release 1909) (), CPU: Intel(R) Core(TM) i7-8700K CPU @ 3.70GHz, GPU: NVIDIA Quadro P1000
LogInit: Compiled (64-bit): Jul 25 2020 02:07:48
LogInit: Compiled with Visual C++: 19.24.28315.00
LogInit: Build Configuration: Development
LogInit: Branch Name: ++UE4+Release-4.25
LogInit: Command Line:  /Game/levels/1 -game -PIEVIACONSOLE -Multiprocess GameUserSettingsINI=X:/stungun/Saved/Config/Windows/PIEGameUserSettings0.ini -MultiprocessSaveConfig -MultiprocessOSS -messaging -SessionName="Play in Standalone Game" -featureleveles31 -faketouches -MultiprocessSaveConfig -windowed -ResX=720 -ResY=1280 -ForceRes
LogInit: Base Directory: C:/Program Files/Epic Games/UE_4.25/Engine/Binaries/Win64/
LogInit: Allocator: TBB
LogInit: Installed Engine Build: 1
LogDevObjectVersion: Number of dev versions registered: 26
LogDevObjectVersion:   Dev-Blueprints (B0D832E4-1F89-4F0D-ACCF-7EB736FD4AA2): 10
LogDevObjectVersion:   Dev-Build (E1C64328-A22C-4D53-A36C-8E866417BD8C): 0
LogDevObjectVersion:   Dev-Core (375EC13C-06E4-48FB-B500-84F0262A717E): 4
LogDevObjectVersion:   Dev-Editor (E4B068ED-F494-42E9-A231-DA0B2E46BB41): 38
LogDevObjectVersion:   Dev-Framework (CFFC743F-43B0-4480-9391-14DF171D2073): 37
LogDevObjectVersion:   Dev-Mobile (B02B49B5-BB20-44E9-A304-32B752E40360): 2
LogDevObjectVersion:   Dev-Networking (A4E4105C-59A1-49B5-A7C5-40C4547EDFEE): 0
LogDevObjectVersion:   Dev-Online (39C831C9-5AE6-47DC-9A44-9C173E1C8E7C): 0
LogDevObjectVersion:   Dev-Physics (78F01B33-EBEA-4F98-B9B4-84EACCB95AA2): 4
LogDevObjectVersion:   Dev-Platform (6631380F-2D4D-43E0-8009-CF276956A95A): 0
LogDevObjectVersion:   Dev-Rendering (12F88B9F-8875-4AFC-A67C-D90C383ABD29): 43
LogDevObjectVersion:   Dev-Sequencer (7B5AE74C-D270-4C10-A958-57980B212A5A): 12
LogDevObjectVersion:   Dev-VR (D7296918-1DD6-4BDD-9DE2-64A83CC13884): 3
LogDevObjectVersion:   Dev-LoadTimes (C2A15278-BFE7-4AFE-6C17-90FF531DF755): 1
LogDevObjectVersion:   Private-Geometry (6EACA3D4-40EC-4CC1-B786-8BED09428FC5): 3
LogDevObjectVersion:   Dev-AnimPhys (29E575DD-E0A3-4627-9D10-D276232CDCEA): 17
LogDevObjectVersion:   Dev-Anim (AF43A65D-7FD3-4947-9873-3E8ED9C1BB05): 7
LogDevObjectVersion:   Dev-ReflectionCapture (6B266CEC-1EC7-4B8F-A30B-E4D90942FC07): 1
LogDevObjectVersion:   Dev-Automation (0DF73D61-A23F-47EA-B727-89E90C41499A): 1
LogDevObjectVersion:   FortniteMain (601D1886-AC64-4F84-AA16-D3DE0DEAC7D6): 31
LogDevObjectVersion:   Dev-Enterprise (9DFFBCD6-494F-0158-E221-12823C92A888): 10
LogDevObjectVersion:   Dev-Niagara (F2AED0AC-9AFE-416F-8664-AA7FFA26D6FC): 1
LogDevObjectVersion:   Dev-Destruction (174F1F0B-B4C6-45A5-B13F-2EE8D0FB917D): 10
LogDevObjectVersion:   Dev-Physics-Ext (35F94A83-E258-406C-A318-09F59610247C): 37
LogDevObjectVersion:   Dev-PhysicsMaterial-Chaos (B68FC16E-8B1B-42E2-B453-215C058844FE): 1
LogDevObjectVersion:   Dev-CineCamera (B2E18506-4273-CFC2-A54E-F4BB758BBA07): 1
LogInit: Presizing for max 25165824 objects, including 0 objects not considered by GC, pre-allocating 0 bytes for permanent pool.
LogConfig: Applying CVar settings from Section [/Script/Engine.StreamingSettings] File [X:/stungun/Saved/Config/Windows/Engine.ini]
LogConfig: Setting CVar [[s.MinBulkDataSizeForAsyncLoading:131072]]
LogConfig: Setting CVar [[s.AsyncLoadingThreadEnabled:0]]
LogConfig: Setting CVar [[s.EventDrivenLoaderEnabled:1]]
LogConfig: Setting CVar [[s.WarnIfTimeLimitExceeded:0]]
LogConfig: Setting CVar [[s.TimeLimitExceededMultiplier:1.5]]
LogConfig: Setting CVar [[s.TimeLimitExceededMinTime:0.005]]
LogConfig: Setting CVar [[s.UseBackgroundLevelStreaming:1]]
LogConfig: Setting CVar [[s.PriorityAsyncLoadingExtraTime:15.0]]
LogConfig: Setting CVar [[s.LevelStreamingActorsUpdateTimeLimit:5.0]]
LogConfig: Setting CVar [[s.PriorityLevelStreamingActorsUpdateExtraTime:5.0]]
LogConfig: Setting CVar [[s.LevelStreamingComponentsRegistrationGranularity:10]]
LogConfig: Setting CVar [[s.UnregisterComponentsTimeLimit:1.0]]
LogConfig: Setting CVar [[s.LevelStreamingComponentsUnregistrationGranularity:5]]
LogConfig: Setting CVar [[s.FlushStreamingOnExit:1]]
LogInit: Object subsystem initialized
LogConfig: Setting CVar [[con.DebugEarlyDefault:1]]
LogConfig: Setting CVar [[r.setres:1280x720]]
[2020.11.17-09.03.57:566][  0]LogConfig: Setting CVar [[con.DebugEarlyDefault:1]]
[2020.11.17-09.03.57:566][  0]LogConfig: Setting CVar [[r.setres:1280x720]]
[2020.11.17-09.03.57:566][  0]LogConfig: Applying CVar settings from Section [/Script/Engine.RendererSettings] File [X:/stungun/Saved/Config/Windows/Engine.ini]
[2020.11.17-09.03.57:566][  0]LogConfig: Setting CVar [[r.GPUCrashDebugging:0]]
[2020.11.17-09.03.57:566][  0]LogConfig: Setting CVar [[r.DefaultFeature.AutoExposure:0]]
[2020.11.17-09.03.57:566][  0]LogConfig: Applying CVar settings from Section [/Script/Engine.RendererOverrideSettings] File [X:/stungun/Saved/Config/Windows/Engine.ini]
[2020.11.17-09.03.57:566][  0]LogConfig: Applying CVar settings from Section [/Script/Engine.StreamingSettings] File [X:/stungun/Saved/Config/Windows/Engine.ini]
[2020.11.17-09.03.57:566][  0]LogConfig: Setting CVar [[s.MinBulkDataSizeForAsyncLoading:131072]]
[2020.11.17-09.03.57:566][  0]LogConfig: Setting CVar [[s.AsyncLoadingThreadEnabled:0]]
[2020.11.17-09.03.57:566][  0]LogConfig: Setting CVar [[s.EventDrivenLoaderEnabled:1]]
[2020.11.17-09.03.57:566][  0]LogConfig: Setting CVar [[s.WarnIfTimeLimitExceeded:0]]
[2020.11.17-09.03.57:566][  0]LogConfig: Setting CVar [[s.TimeLimitExceededMultiplier:1.5]]
[2020.11.17-09.03.57:566][  0]LogConfig: Setting CVar [[s.TimeLimitExceededMinTime:0.005]]
[2020.11.17-09.03.57:566][  0]LogConfig: Setting CVar [[s.UseBackgroundLevelStreaming:1]]
[2020.11.17-09.03.57:566][  0]LogConfig: Setting CVar [[s.PriorityAsyncLoadingExtraTime:15.0]]
[2020.11.17-09.03.57:566][  0]LogConfig: Setting CVar [[s.LevelStreamingActorsUpdateTimeLimit:5.0]]
[2020.11.17-09.03.57:566][  0]LogConfig: Setting CVar [[s.PriorityLevelStreamingActorsUpdateExtraTime:5.0]]
[2020.11.17-09.03.57:566][  0]LogConfig: Setting CVar [[s.LevelStreamingComponentsRegistrationGranularity:10]]
[2020.11.17-09.03.57:566][  0]LogConfig: Setting CVar [[s.UnregisterComponentsTimeLimit:1.0]]
[2020.11.17-09.03.57:566][  0]LogConfig: Setting CVar [[s.LevelStreamingComponentsUnregistrationGranularity:5]]
[2020.11.17-09.03.57:566][  0]LogConfig: Setting CVar [[s.FlushStreamingOnExit:1]]
[2020.11.17-09.03.57:566][  0]LogConfig: Applying CVar settings from Section [/Script/Engine.GarbageCollectionSettings] File [X:/stungun/Saved/Config/Windows/Engine.ini]
[2020.11.17-09.03.57:566][  0]LogConfig: Setting CVar [[gc.MaxObjectsNotConsideredByGC:1]]
[2020.11.17-09.03.57:566][  0]LogConfig: Setting CVar [[gc.SizeOfPermanentObjectPool:0]]
[2020.11.17-09.03.57:566][  0]LogConfig: Setting CVar [[gc.FlushStreamingOnGC:0]]
[2020.11.17-09.03.57:566][  0]LogConfig: Setting CVar [[gc.NumRetriesBeforeForcingGC:10]]
[2020.11.17-09.03.57:566][  0]LogConfig: Setting CVar [[gc.AllowParallelGC:1]]
[2020.11.17-09.03.57:566][  0]LogConfig: Setting CVar [[gc.TimeBetweenPurgingPendingKillObjects:61.1]]
[2020.11.17-09.03.57:566][  0]LogConfig: Setting CVar [[gc.MaxObjectsInEditor:25165824]]
[2020.11.17-09.03.57:566][  0]LogConfig: Setting CVar [[gc.IncrementalBeginDestroyEnabled:1]]
[2020.11.17-09.03.57:566][  0]LogConfig: Setting CVar [[gc.CreateGCClusters:1]]
[2020.11.17-09.03.57:566][  0]LogConfig: Setting CVar [[gc.MinGCClusterSize:5]]
[2020.11.17-09.03.57:566][  0]LogConfig: Setting CVar [[gc.ActorClusteringEnabled:0]]
[2020.11.17-09.03.57:566][  0]LogConfig: Setting CVar [[gc.BlueprintClusteringEnabled:0]]
[2020.11.17-09.03.57:566][  0]LogConfig: Setting CVar [[gc.UseDisregardForGCOnDedicatedServers:0]]
[2020.11.17-09.03.57:566][  0]LogConfig: Applying CVar settings from Section [/Script/Engine.NetworkSettings] File [X:/stungun/Saved/Config/Windows/Engine.ini]
[2020.11.17-09.03.57:566][  0]LogConfig: Applying CVar settings from Section [/Script/UnrealEd.CookerSettings] File [X:/stungun/Saved/Config/Windows/Engine.ini]
[2020.11.17-09.03.57:570][  0]LogConfig: Applying CVar settings from Section [ViewDistanceQuality@3] File [X:/stungun/Saved/Config/Windows/Scalability.ini]
[2020.11.17-09.03.57:570][  0]LogConfig: Setting CVar [[r.SkeletalMeshLODBias:0]]
[2020.11.17-09.03.57:570][  0]LogConfig: Setting CVar [[r.ViewDistanceScale:1.0]]
[2020.11.17-09.03.57:570][  0]LogConfig: Applying CVar settings from Section [AntiAliasingQuality@3] File [X:/stungun/Saved/Config/Windows/Scalability.ini]
[2020.11.17-09.03.57:570][  0]LogConfig: Setting CVar [[r.PostProcessAAQuality:4]]
[2020.11.17-09.03.57:570][  0]LogConfig: Applying CVar settings from Section [ShadowQuality@3] File [X:/stungun/Saved/Config/Windows/Scalability.ini]
[2020.11.17-09.03.57:570][  0]LogConfig: Setting CVar [[r.LightFunctionQuality:1]]
[2020.11.17-09.03.57:571][  0]LogConfig: Setting CVar [[r.ShadowQuality:5]]
[2020.11.17-09.03.57:571][  0]LogConfig: Setting CVar [[r.Shadow.CSM.MaxCascades:10]]
[2020.11.17-09.03.57:571][  0]LogConfig: Setting CVar [[r.Shadow.MaxResolution:2048]]
[2020.11.17-09.03.57:571][  0]LogConfig: Setting CVar [[r.Shadow.MaxCSMResolution:2048]]
[2020.11.17-09.03.57:571][  0]LogConfig: Setting CVar [[r.Shadow.RadiusThreshold:0.01]]
[2020.11.17-09.03.57:571][  0]LogConfig: Setting CVar [[r.Shadow.DistanceScale:1.0]]
[2020.11.17-09.03.57:571][  0]LogConfig: Setting CVar [[r.Shadow.CSM.TransitionScale:1.0]]
[2020.11.17-09.03.57:571][  0]LogConfig: Setting CVar [[r.Shadow.PreShadowResolutionFactor:1.0]]
[2020.11.17-09.03.57:571][  0]LogConfig: Setting CVar [[r.DistanceFieldShadowing:1]]
[2020.11.17-09.03.57:571][  0]LogConfig: Setting CVar [[r.DistanceFieldAO:1]]
[2020.11.17-09.03.57:571][  0]LogConfig: Setting CVar [[r.AOQuality:2]]
[2020.11.17-09.03.57:571][  0]LogConfig: Setting CVar [[r.VolumetricFog:1]]
[2020.11.17-09.03.57:571][  0]LogConfig: Setting CVar [[r.VolumetricFog.GridPixelSize:8]]
[2020.11.17-09.03.57:571][  0]LogConfig: Setting CVar [[r.VolumetricFog.GridSizeZ:128]]
[2020.11.17-09.03.57:571][  0]LogConfig: Setting CVar [[r.VolumetricFog.HistoryMissSupersampleCount:4]]
[2020.11.17-09.03.57:571][  0]LogConfig: Setting CVar [[r.LightMaxDrawDistanceScale:1]]
[2020.11.17-09.03.57:571][  0]LogConfig: Setting CVar [[r.CapsuleShadows:1]]
[2020.11.17-09.03.57:571][  0]LogConfig: Applying CVar settings from Section [PostProcessQuality@3] File [X:/stungun/Saved/Config/Windows/Scalability.ini]
[2020.11.17-09.03.57:571][  0]LogConfig: Setting CVar [[r.MotionBlurQuality:4]]
[2020.11.17-09.03.57:571][  0]LogConfig: Setting CVar [[r.AmbientOcclusionMipLevelFactor:0.4]]
[2020.11.17-09.03.57:571][  0]LogConfig: Setting CVar [[r.AmbientOcclusionMaxQuality:100]]
[2020.11.17-09.03.57:571][  0]LogConfig: Setting CVar [[r.AmbientOcclusionLevels:-1]]
[2020.11.17-09.03.57:571][  0]LogConfig: Setting CVar [[r.AmbientOcclusionRadiusScale:1.0]]
[2020.11.17-09.03.57:571][  0]LogConfig: Setting CVar [[r.DepthOfFieldQuality:2]]
[2020.11.17-09.03.57:571][  0]LogConfig: Setting CVar [[r.RenderTargetPoolMin:400]]
[2020.11.17-09.03.57:571][  0]LogConfig: Setting CVar [[r.LensFlareQuality:2]]
[2020.11.17-09.03.57:571][  0]LogConfig: Setting CVar [[r.SceneColorFringeQuality:1]]
[2020.11.17-09.03.57:571][  0]LogConfig: Setting CVar [[r.EyeAdaptationQuality:2]]
[2020.11.17-09.03.57:571][  0]LogConfig: Setting CVar [[r.BloomQuality:5]]
[2020.11.17-09.03.57:571][  0]LogConfig: Setting CVar [[r.FastBlurThreshold:100]]
[2020.11.17-09.03.57:571][  0]LogConfig: Setting CVar [[r.Upscale.Quality:3]]
[2020.11.17-09.03.57:571][  0]LogConfig: Setting CVar [[r.Tonemapper.GrainQuantization:1]]
[2020.11.17-09.03.57:571][  0]LogConfig: Setting CVar [[r.LightShaftQuality:1]]
[2020.11.17-09.03.57:571][  0]LogConfig: Setting CVar [[r.Filter.SizeScale:1]]
[2020.11.17-09.03.57:571][  0]LogConfig: Setting CVar [[r.Tonemapper.Quality:5]]
[2020.11.17-09.03.57:571][  0]LogConfig: Setting CVar [[r.DOF.Gather.AccumulatorQuality:1        ; higher gathering accumulator quality]]
[2020.11.17-09.03.57:571][  0]LogConfig: Setting CVar [[r.DOF.Gather.PostfilterMethod:1          ; Median3x3 postfilering method]]
[2020.11.17-09.03.57:571][  0]LogConfig: Setting CVar [[r.DOF.Gather.EnableBokehSettings:0       ; no bokeh simulation when gathering]]
[2020.11.17-09.03.57:571][  0]LogConfig: Setting CVar [[r.DOF.Gather.RingCount:4                 ; medium number of samples when gathering]]
[2020.11.17-09.03.57:571][  0]LogConfig: Setting CVar [[r.DOF.Scatter.ForegroundCompositing:1    ; additive foreground scattering]]
[2020.11.17-09.03.57:571][  0]LogConfig: Setting CVar [[r.DOF.Scatter.BackgroundCompositing:2    ; additive background scattering]]
[2020.11.17-09.03.57:571][  0]LogConfig: Setting CVar [[r.DOF.Scatter.EnableBokehSettings:1      ; bokeh simulation when scattering]]
[2020.11.17-09.03.57:571][  0]LogConfig: Setting CVar [[r.DOF.Scatter.MaxSpriteRatio:0.1         ; only a maximum of 10% of scattered bokeh]]
[2020.11.17-09.03.57:571][  0]LogConfig: Setting CVar [[r.DOF.Recombine.Quality:1                ; cheap slight out of focus]]
[2020.11.17-09.03.57:571][  0]LogConfig: Setting CVar [[r.DOF.Recombine.EnableBokehSettings:0    ; no bokeh simulation on slight out of focus]]
[2020.11.17-09.03.57:571][  0]LogConfig: Setting CVar [[r.DOF.TemporalAAQuality:1                ; more stable temporal accumulation]]
[2020.11.17-09.03.57:571][  0]LogConfig: Setting CVar [[r.DOF.Kernel.MaxForegroundRadius:0.025]]
[2020.11.17-09.03.57:571][  0]LogConfig: Setting CVar [[r.DOF.Kernel.MaxBackgroundRadius:0.025]]
[2020.11.17-09.03.57:571][  0]LogConfig: Applying CVar settings from Section [TextureQuality@3] File [X:/stungun/Saved/Config/Windows/Scalability.ini]
[2020.11.17-09.03.57:571][  0]LogConfig: Setting CVar [[r.Streaming.MipBias:0]]
[2020.11.17-09.03.57:571][  0]LogConfig: Setting CVar [[r.Streaming.AmortizeCPUToGPUCopy:0]]
[2020.11.17-09.03.57:571][  0]LogConfig: Setting CVar [[r.Streaming.MaxNumTexturesToStreamPerFrame:0]]
[2020.11.17-09.03.57:571][  0]LogConfig: Setting CVar [[r.Streaming.Boost:1]]
[2020.11.17-09.03.57:571][  0]LogConfig: Setting CVar [[r.MaxAnisotropy:8]]
[2020.11.17-09.03.57:571][  0]LogConfig: Setting CVar [[r.VT.MaxAnisotropy:8]]
[2020.11.17-09.03.57:571][  0]LogConfig: Setting CVar [[r.Streaming.LimitPoolSizeToVRAM:0]]
[2020.11.17-09.03.57:571][  0]LogConfig: Setting CVar [[r.Streaming.PoolSize:1000]]
[2020.11.17-09.03.57:571][  0]LogConfig: Setting CVar [[r.Streaming.MaxEffectiveScreenSize:0]]
[2020.11.17-09.03.57:571][  0]LogConfig: Applying CVar settings from Section [EffectsQuality@3] File [X:/stungun/Saved/Config/Windows/Scalability.ini]
[2020.11.17-09.03.57:571][  0]LogConfig: Setting CVar [[r.TranslucencyLightingVolumeDim:64]]
[2020.11.17-09.03.57:571][  0]LogConfig: Setting CVar [[r.RefractionQuality:2]]
[2020.11.17-09.03.57:571][  0]LogConfig: Setting CVar [[r.SSR.Quality:3]]
[2020.11.17-09.03.57:571][  0]LogConfig: Setting CVar [[r.SSR.HalfResSceneColor:0]]
[2020.11.17-09.03.57:571][  0]LogConfig: Setting CVar [[r.SceneColorFormat:4]]
[2020.11.17-09.03.57:571][  0]LogConfig: Setting CVar [[r.DetailMode:2]]
[2020.11.17-09.03.57:571][  0]LogConfig: Setting CVar [[r.TranslucencyVolumeBlur:1]]
[2020.11.17-09.03.57:571][  0]LogConfig: Setting CVar [[r.MaterialQualityLevel:1 ; High quality]]
[2020.11.17-09.03.57:571][  0]LogConfig: Setting CVar [[r.SSS.Scale:1]]
[2020.11.17-09.03.57:571][  0]LogConfig: Setting CVar [[r.SSS.SampleSet:2]]
[2020.11.17-09.03.57:571][  0]LogConfig: Setting CVar [[r.SSS.Quality:1]]
[2020.11.17-09.03.57:571][  0]LogConfig: Setting CVar [[r.SSS.HalfRes:0]]
[2020.11.17-09.03.57:571][  0]LogConfig: Setting CVar [[r.SSGI.Quality:3]]
[2020.11.17-09.03.57:571][  0]LogConfig: Setting CVar [[r.EmitterSpawnRateScale:1.0]]
[2020.11.17-09.03.57:571][  0]LogConfig: Setting CVar [[r.ParticleLightQuality:2]]
[2020.11.17-09.03.57:571][  0]LogConfig: Setting CVar [[r.SkyAtmosphere.AerialPerspectiveLUT.FastApplyOnOpaque:1 ; Always have FastSkyLUT 1 in this case to avoid wrong sky]]
[2020.11.17-09.03.57:571][  0]LogConfig: Setting CVar [[r.SkyAtmosphere.AerialPerspectiveLUT.SampleCountPerSlice:1]]
[2020.11.17-09.03.57:571][  0]LogConfig: Setting CVar [[r.SkyAtmosphere.AerialPerspectiveLUT.DepthResolution:16.0]]
[2020.11.17-09.03.57:571][  0]LogConfig: Setting CVar [[r.SkyAtmosphere.FastSkyLUT:1]]
[2020.11.17-09.03.57:571][  0]LogConfig: Setting CVar [[r.SkyAtmosphere.FastSkyLUT.SampleCountMin:4.0]]
[2020.11.17-09.03.57:571][  0]LogConfig: Setting CVar [[r.SkyAtmosphere.FastSkyLUT.SampleCountMax:32.0]]
[2020.11.17-09.03.57:571][  0]LogConfig: Setting CVar [[r.SkyAtmosphere.SampleCountMin:4.0]]
[2020.11.17-09.03.57:571][  0]LogConfig: Setting CVar [[r.SkyAtmosphere.SampleCountMax:32.0]]
[2020.11.17-09.03.57:571][  0]LogConfig: Setting CVar [[r.SkyAtmosphere.TransmittanceLUT.UseSmallFormat:0]]
[2020.11.17-09.03.57:571][  0]LogConfig: Setting CVar [[r.SkyAtmosphere.TransmittanceLUT.SampleCount:10.0]]
[2020.11.17-09.03.57:571][  0]LogConfig: Setting CVar [[r.SkyAtmosphere.MultiScatteringLUT.SampleCount:15.0]]
[2020.11.17-09.03.57:571][  0]LogConfig: Applying CVar settings from Section [FoliageQuality@3] File [X:/stungun/Saved/Config/Windows/Scalability.ini]
[2020.11.17-09.03.57:571][  0]LogConfig: Setting CVar [[foliage.DensityScale:1.0]]
[2020.11.17-09.03.57:571][  0]LogConfig: Setting CVar [[grass.DensityScale:1.0]]
[2020.11.17-09.03.57:571][  0]LogConfig: Applying CVar settings from Section [ShadingQuality@3] File [X:/stungun/Saved/Config/Windows/Scalability.ini]
[2020.11.17-09.03.57:571][  0]LogConfig: Setting CVar [[r.HairStrands.SkyLighting.SampleCount:16]]
[2020.11.17-09.03.57:571][  0]LogConfig: Setting CVar [[r.HairStrands.SkyLighting.JitterIntegration:0]]
[2020.11.17-09.03.57:571][  0]LogConfig: Setting CVar [[r.HairStrands.SkyAO.SampleCount:16]]
[2020.11.17-09.03.57:571][  0]LogConfig: Setting CVar [[r.HairStrands.DeepShadow.SuperSampling:0]]
[2020.11.17-09.03.57:571][  0]LogConfig: Setting CVar [[r.HairStrands.VisibilityPPLL:0]]
[2020.11.17-09.03.57:572][  0]LogConfig: Setting CVar [[r.HairStrands.RasterizationScale:0.5]]
[2020.11.17-09.03.57:572][  0]LogConfig: Setting CVar [[r.HairStrands.VelocityRasterizationScale:1]]
[2020.11.17-09.03.57:572][  0]LogInit: Selected Device Profile: [Windows]
[2020.11.17-09.03.57:572][  0]LogInit: Applying CVar settings loaded from the selected device profile: [Windows]
[2020.11.17-09.03.57:572][  0]LogHAL: Display: Platform has ~ 16 GB [17108676608 / 17179869184 / 16], which maps to Larger [LargestMinGB=32, LargerMinGB=12, DefaultMinGB=8, SmallerMinGB=6, SmallestMinGB=0)
[2020.11.17-09.03.57:572][  0]LogInit: Going up to parent DeviceProfile []
[2020.11.17-09.03.57:572][  0]LogConfig: Applying CVar settings from Section [ViewDistanceQuality@3] File [X:/stungun/Saved/Config/Windows/Scalability.ini]
[2020.11.17-09.03.57:572][  0]LogConfig: Setting CVar [[r.SkeletalMeshLODBias:0]]
[2020.11.17-09.03.57:572][  0]LogConfig: Setting CVar [[r.ViewDistanceScale:1.0]]
[2020.11.17-09.03.57:572][  0]LogConfig: Applying CVar settings from Section [AntiAliasingQuality@3] File [X:/stungun/Saved/Config/Windows/Scalability.ini]
[2020.11.17-09.03.57:572][  0]LogConfig: Setting CVar [[r.PostProcessAAQuality:4]]
[2020.11.17-09.03.57:572][  0]LogConfig: Applying CVar settings from Section [ShadowQuality@3] File [X:/stungun/Saved/Config/Windows/Scalability.ini]
[2020.11.17-09.03.57:572][  0]LogConfig: Setting CVar [[r.LightFunctionQuality:1]]
[2020.11.17-09.03.57:572][  0]LogConfig: Setting CVar [[r.ShadowQuality:5]]
[2020.11.17-09.03.57:572][  0]LogConfig: Setting CVar [[r.Shadow.CSM.MaxCascades:10]]
[2020.11.17-09.03.57:572][  0]LogConfig: Setting CVar [[r.Shadow.MaxResolution:2048]]
[2020.11.17-09.03.57:572][  0]LogConfig: Setting CVar [[r.Shadow.MaxCSMResolution:2048]]
[2020.11.17-09.03.57:572][  0]LogConfig: Setting CVar [[r.Shadow.RadiusThreshold:0.01]]
[2020.11.17-09.03.57:572][  0]LogConfig: Setting CVar [[r.Shadow.DistanceScale:1.0]]
[2020.11.17-09.03.57:572][  0]LogConfig: Setting CVar [[r.Shadow.CSM.TransitionScale:1.0]]
[2020.11.17-09.03.57:572][  0]LogConfig: Setting CVar [[r.Shadow.PreShadowResolutionFactor:1.0]]
[2020.11.17-09.03.57:572][  0]LogConfig: Setting CVar [[r.DistanceFieldShadowing:1]]
[2020.11.17-09.03.57:572][  0]LogConfig: Setting CVar [[r.DistanceFieldAO:1]]
[2020.11.17-09.03.57:572][  0]LogConfig: Setting CVar [[r.AOQuality:2]]
[2020.11.17-09.03.57:572][  0]LogConfig: Setting CVar [[r.VolumetricFog:1]]
[2020.11.17-09.03.57:572][  0]LogConfig: Setting CVar [[r.VolumetricFog.GridPixelSize:8]]
[2020.11.17-09.03.57:572][  0]LogConfig: Setting CVar [[r.VolumetricFog.GridSizeZ:128]]
[2020.11.17-09.03.57:572][  0]LogConfig: Setting CVar [[r.VolumetricFog.HistoryMissSupersampleCount:4]]
[2020.11.17-09.03.57:572][  0]LogConfig: Setting CVar [[r.LightMaxDrawDistanceScale:1]]
[2020.11.17-09.03.57:572][  0]LogConfig: Setting CVar [[r.CapsuleShadows:1]]
[2020.11.17-09.03.57:572][  0]LogConfig: Applying CVar settings from Section [PostProcessQuality@3] File [X:/stungun/Saved/Config/Windows/Scalability.ini]
[2020.11.17-09.03.57:572][  0]LogConfig: Setting CVar [[r.MotionBlurQuality:4]]
[2020.11.17-09.03.57:572][  0]LogConfig: Setting CVar [[r.AmbientOcclusionMipLevelFactor:0.4]]
[2020.11.17-09.03.57:572][  0]LogConfig: Setting CVar [[r.AmbientOcclusionMaxQuality:100]]
[2020.11.17-09.03.57:572][  0]LogConfig: Setting CVar [[r.AmbientOcclusionLevels:-1]]
[2020.11.17-09.03.57:572][  0]LogConfig: Setting CVar [[r.AmbientOcclusionRadiusScale:1.0]]
[2020.11.17-09.03.57:572][  0]LogConfig: Setting CVar [[r.DepthOfFieldQuality:2]]
[2020.11.17-09.03.57:572][  0]LogConfig: Setting CVar [[r.RenderTargetPoolMin:400]]
[2020.11.17-09.03.57:572][  0]LogConfig: Setting CVar [[r.LensFlareQuality:2]]
[2020.11.17-09.03.57:572][  0]LogConfig: Setting CVar [[r.SceneColorFringeQuality:1]]
[2020.11.17-09.03.57:572][  0]LogConfig: Setting CVar [[r.EyeAdaptationQuality:2]]
[2020.11.17-09.03.57:572][  0]LogConfig: Setting CVar [[r.BloomQuality:5]]
[2020.11.17-09.03.57:572][  0]LogConfig: Setting CVar [[r.FastBlurThreshold:100]]
[2020.11.17-09.03.57:572][  0]LogConfig: Setting CVar [[r.Upscale.Quality:3]]
[2020.11.17-09.03.57:572][  0]LogConfig: Setting CVar [[r.Tonemapper.GrainQuantization:1]]
[2020.11.17-09.03.57:572][  0]LogConfig: Setting CVar [[r.LightShaftQuality:1]]
[2020.11.17-09.03.57:572][  0]LogConfig: Setting CVar [[r.Filter.SizeScale:1]]
[2020.11.17-09.03.57:572][  0]LogConfig: Setting CVar [[r.Tonemapper.Quality:5]]
[2020.11.17-09.03.57:572][  0]LogConfig: Setting CVar [[r.DOF.Gather.AccumulatorQuality:1        ; higher gathering accumulator quality]]
[2020.11.17-09.03.57:572][  0]LogConfig: Setting CVar [[r.DOF.Gather.PostfilterMethod:1          ; Median3x3 postfilering method]]
[2020.11.17-09.03.57:572][  0]LogConfig: Setting CVar [[r.DOF.Gather.EnableBokehSettings:0       ; no bokeh simulation when gathering]]
[2020.11.17-09.03.57:572][  0]LogConfig: Setting CVar [[r.DOF.Gather.RingCount:4                 ; medium number of samples when gathering]]
[2020.11.17-09.03.57:572][  0]LogConfig: Setting CVar [[r.DOF.Scatter.ForegroundCompositing:1    ; additive foreground scattering]]
[2020.11.17-09.03.57:572][  0]LogConfig: Setting CVar [[r.DOF.Scatter.BackgroundCompositing:2    ; additive background scattering]]
[2020.11.17-09.03.57:572][  0]LogConfig: Setting CVar [[r.DOF.Scatter.EnableBokehSettings:1      ; bokeh simulation when scattering]]
[2020.11.17-09.03.57:572][  0]LogConfig: Setting CVar [[r.DOF.Scatter.MaxSpriteRatio:0.1         ; only a maximum of 10% of scattered bokeh]]
[2020.11.17-09.03.57:572][  0]LogConfig: Setting CVar [[r.DOF.Recombine.Quality:1                ; cheap slight out of focus]]
[2020.11.17-09.03.57:572][  0]LogConfig: Setting CVar [[r.DOF.Recombine.EnableBokehSettings:0    ; no bokeh simulation on slight out of focus]]
[2020.11.17-09.03.57:572][  0]LogConfig: Setting CVar [[r.DOF.TemporalAAQuality:1                ; more stable temporal accumulation]]
[2020.11.17-09.03.57:572][  0]LogConfig: Setting CVar [[r.DOF.Kernel.MaxForegroundRadius:0.025]]
[2020.11.17-09.03.57:572][  0]LogConfig: Setting CVar [[r.DOF.Kernel.MaxBackgroundRadius:0.025]]
[2020.11.17-09.03.57:572][  0]LogConfig: Applying CVar settings from Section [TextureQuality@3] File [X:/stungun/Saved/Config/Windows/Scalability.ini]
[2020.11.17-09.03.57:572][  0]LogConfig: Setting CVar [[r.Streaming.MipBias:0]]
[2020.11.17-09.03.57:572][  0]LogConfig: Setting CVar [[r.Streaming.AmortizeCPUToGPUCopy:0]]
[2020.11.17-09.03.57:572][  0]LogConfig: Setting CVar [[r.Streaming.MaxNumTexturesToStreamPerFrame:0]]
[2020.11.17-09.03.57:572][  0]LogConfig: Setting CVar [[r.Streaming.Boost:1]]
[2020.11.17-09.03.57:572][  0]LogConfig: Setting CVar [[r.MaxAnisotropy:8]]
[2020.11.17-09.03.57:572][  0]LogConfig: Setting CVar [[r.VT.MaxAnisotropy:8]]
[2020.11.17-09.03.57:572][  0]LogConfig: Setting CVar [[r.Streaming.LimitPoolSizeToVRAM:0]]
[2020.11.17-09.03.57:572][  0]LogConfig: Setting CVar [[r.Streaming.PoolSize:1000]]
[2020.11.17-09.03.57:572][  0]LogConfig: Setting CVar [[r.Streaming.MaxEffectiveScreenSize:0]]
[2020.11.17-09.03.57:572][  0]LogConfig: Applying CVar settings from Section [EffectsQuality@3] File [X:/stungun/Saved/Config/Windows/Scalability.ini]
[2020.11.17-09.03.57:572][  0]LogConfig: Setting CVar [[r.TranslucencyLightingVolumeDim:64]]
[2020.11.17-09.03.57:572][  0]LogConfig: Setting CVar [[r.RefractionQuality:2]]
[2020.11.17-09.03.57:572][  0]LogConfig: Setting CVar [[r.SSR.Quality:3]]
[2020.11.17-09.03.57:572][  0]LogConfig: Setting CVar [[r.SSR.HalfResSceneColor:0]]
[2020.11.17-09.03.57:572][  0]LogConfig: Setting CVar [[r.SceneColorFormat:4]]
[2020.11.17-09.03.57:572][  0]LogConfig: Setting CVar [[r.DetailMode:2]]
[2020.11.17-09.03.57:572][  0]LogConfig: Setting CVar [[r.TranslucencyVolumeBlur:1]]
[2020.11.17-09.03.57:572][  0]LogConfig: Setting CVar [[r.MaterialQualityLevel:1 ; High quality]]
[2020.11.17-09.03.57:572][  0]LogConfig: Setting CVar [[r.SSS.Scale:1]]
[2020.11.17-09.03.57:572][  0]LogConfig: Setting CVar [[r.SSS.SampleSet:2]]
[2020.11.17-09.03.57:572][  0]LogConfig: Setting CVar [[r.SSS.Quality:1]]
[2020.11.17-09.03.57:572][  0]LogConfig: Setting CVar [[r.SSS.HalfRes:0]]
[2020.11.17-09.03.57:572][  0]LogConfig: Setting CVar [[r.SSGI.Quality:3]]
[2020.11.17-09.03.57:572][  0]LogConfig: Setting CVar [[r.EmitterSpawnRateScale:1.0]]
[2020.11.17-09.03.57:572][  0]LogConfig: Setting CVar [[r.ParticleLightQuality:2]]
[2020.11.17-09.03.57:572][  0]LogConfig: Setting CVar [[r.SkyAtmosphere.AerialPerspectiveLUT.FastApplyOnOpaque:1 ; Always have FastSkyLUT 1 in this case to avoid wrong sky]]
[2020.11.17-09.03.57:573][  0]LogConfig: Setting CVar [[r.SkyAtmosphere.AerialPerspectiveLUT.SampleCountPerSlice:1]]
[2020.11.17-09.03.57:573][  0]LogConfig: Setting CVar [[r.SkyAtmosphere.AerialPerspectiveLUT.DepthResolution:16.0]]
[2020.11.17-09.03.57:573][  0]LogConfig: Setting CVar [[r.SkyAtmosphere.FastSkyLUT:1]]
[2020.11.17-09.03.57:573][  0]LogConfig: Setting CVar [[r.SkyAtmosphere.FastSkyLUT.SampleCountMin:4.0]]
[2020.11.17-09.03.57:573][  0]LogConfig: Setting CVar [[r.SkyAtmosphere.FastSkyLUT.SampleCountMax:32.0]]
[2020.11.17-09.03.57:573][  0]LogConfig: Setting CVar [[r.SkyAtmosphere.SampleCountMin:4.0]]
[2020.11.17-09.03.57:573][  0]LogConfig: Setting CVar [[r.SkyAtmosphere.SampleCountMax:32.0]]
[2020.11.17-09.03.57:573][  0]LogConfig: Setting CVar [[r.SkyAtmosphere.TransmittanceLUT.UseSmallFormat:0]]
[2020.11.17-09.03.57:573][  0]LogConfig: Setting CVar [[r.SkyAtmosphere.TransmittanceLUT.SampleCount:10.0]]
[2020.11.17-09.03.57:573][  0]LogConfig: Setting CVar [[r.SkyAtmosphere.MultiScatteringLUT.SampleCount:15.0]]
[2020.11.17-09.03.57:573][  0]LogConfig: Applying CVar settings from Section [FoliageQuality@3] File [X:/stungun/Saved/Config/Windows/Scalability.ini]
[2020.11.17-09.03.57:573][  0]LogConfig: Setting CVar [[foliage.DensityScale:1.0]]
[2020.11.17-09.03.57:573][  0]LogConfig: Setting CVar [[grass.DensityScale:1.0]]
[2020.11.17-09.03.57:573][  0]LogConfig: Applying CVar settings from Section [ShadingQuality@3] File [X:/stungun/Saved/Config/Windows/Scalability.ini]
[2020.11.17-09.03.57:573][  0]LogConfig: Setting CVar [[r.HairStrands.SkyLighting.SampleCount:16]]
[2020.11.17-09.03.57:573][  0]LogConfig: Setting CVar [[r.HairStrands.SkyLighting.JitterIntegration:0]]
[2020.11.17-09.03.57:573][  0]LogConfig: Setting CVar [[r.HairStrands.SkyAO.SampleCount:16]]
[2020.11.17-09.03.57:573][  0]LogConfig: Setting CVar [[r.HairStrands.DeepShadow.SuperSampling:0]]
[2020.11.17-09.03.57:573][  0]LogConfig: Setting CVar [[r.HairStrands.VisibilityPPLL:0]]
[2020.11.17-09.03.57:573][  0]LogConfig: Setting CVar [[r.HairStrands.RasterizationScale:0.5]]
[2020.11.17-09.03.57:573][  0]LogConfig: Setting CVar [[r.HairStrands.VelocityRasterizationScale:1]]
[2020.11.17-09.03.57:573][  0]LogConfig: Applying CVar settings from Section [Startup] File [../../../Engine/Config/ConsoleVariables.ini]
[2020.11.17-09.03.57:573][  0]LogConfig: Setting CVar [[net.UseAdaptiveNetUpdateFrequency:0]]
[2020.11.17-09.03.57:573][  0]LogConfig: Setting CVar [[p.chaos.AllowCreatePhysxBodies:1]]
[2020.11.17-09.03.57:573][  0]LogConfig: Setting CVar [[fx.SkipVectorVMBackendOptimizations:1]]
[2020.11.17-09.03.57:573][  0]LogConfig: Applying CVar settings from Section [ConsoleVariables] File [X:/stungun/Saved/Config/Windows/Engine.ini]
[2020.11.17-09.03.57:573][  0]LogInit: Computer: SB-B104-W316578
[2020.11.17-09.03.57:573][  0]LogInit: User: vibelik
[2020.11.17-09.03.57:573][  0]LogInit: CPU Page size=4096, Cores=6
[2020.11.17-09.03.57:573][  0]LogInit: High frequency timer resolution =10.000000 MHz
[2020.11.17-09.03.57:573][  0]LogMemory: Memory total: Physical=15.9GB (16GB approx)
[2020.11.17-09.03.57:573][  0]LogMemory: Platform Memory Stats for Windows
[2020.11.17-09.03.57:573][  0]LogMemory: Process Physical Memory: 114.96 MB used, 114.96 MB peak
[2020.11.17-09.03.57:573][  0]LogMemory: Process Virtual Memory: 97.21 MB used, 97.21 MB peak
[2020.11.17-09.03.57:573][  0]LogMemory: Physical Memory: 7410.80 MB used,  8905.31 MB free, 16316.11 MB total
[2020.11.17-09.03.57:573][  0]LogMemory: Virtual Memory: 5164.95 MB used,  134212560.00 MB free, 134217728.00 MB total
[2020.11.17-09.03.57:577][  0]LogWindows: WindowsPlatformFeatures enabled
[2020.11.17-09.03.57:601][  0]LogInit: Physics initialised using underlying interface: PhysX
[2020.11.17-09.03.57:601][  0]LogInit: Using OS detected language (ru-RU).
[2020.11.17-09.03.57:601][  0]LogInit: Using OS detected locale (ru-RU).
[2020.11.17-09.03.57:605][  0]LogTextLocalizationManager: No specific localization for 'ru-RU' exists, so the 'ru' localization will be used.
[2020.11.17-09.03.57:606][  0]LogTextLocalizationResource: LocRes '../../../Engine/Content/Localization/Editor/ru/Editor.locres' could not be opened for reading!
[2020.11.17-09.03.57:606][  0]LogTextLocalizationResource: LocRes '../../../Engine/Content/Localization/EditorTutorials/ru/EditorTutorials.locres' could not be opened for reading!
[2020.11.17-09.03.57:606][  0]LogTextLocalizationResource: LocRes '../../../Engine/Content/Localization/Keywords/ru/Keywords.locres' could not be opened for reading!
[2020.11.17-09.03.57:607][  0]LogTextLocalizationResource: LocRes '../../../Engine/Content/Localization/Category/ru/Category.locres' could not be opened for reading!
[2020.11.17-09.03.57:607][  0]LogTextLocalizationResource: LocRes '../../../Engine/Content/Localization/ToolTips/ru/ToolTips.locres' could not be opened for reading!
[2020.11.17-09.03.57:607][  0]LogTextLocalizationResource: LocRes '../../../Engine/Content/Localization/PropertyNames/ru/PropertyNames.locres' could not be opened for reading!
[2020.11.17-09.03.57:607][  0]LogTextLocalizationResource: LocRes '../../../Engine/Content/Localization/Engine/ru/Engine.locres' could not be opened for reading!
[2020.11.17-09.03.57:652][  0]LogSlate: New Slate User Created.  User Index 0, Is Virtual User: 0
[2020.11.17-09.03.57:652][  0]LogSlate: Slate User Registered.  User Index 0, Is Virtual User: 0
[2020.11.17-09.03.57:708][  0]LogHMD: Failed to initialize OpenVR with code 110
[2020.11.17-09.03.57:708][  0]LogD3D11RHI: D3D11 min allowed feature level: 11_0
[2020.11.17-09.03.57:708][  0]LogD3D11RHI: D3D11 max allowed feature level: 11_0
[2020.11.17-09.03.57:708][  0]LogD3D11RHI: D3D11 adapters:
[2020.11.17-09.03.57:761][  0]LogD3D11RHI:    0. 'NVIDIA Quadro P1000' (Feature Level 11_0)
[2020.11.17-09.03.57:761][  0]LogD3D11RHI:       4019/0/8158 MB DedicatedVideo/DedicatedSystem/SharedSystem, Outputs:1, VendorId:0x10de
[2020.11.17-09.03.57:765][  0]LogD3D11RHI:    1. 'Microsoft Basic Render Driver' (Feature Level 11_0)
[2020.11.17-09.03.57:765][  0]LogD3D11RHI:       0/0/8158 MB DedicatedVideo/DedicatedSystem/SharedSystem, Outputs:0, VendorId:0x1414
[2020.11.17-09.03.57:765][  0]LogD3D11RHI: Chosen D3D11 Adapter: 0
[2020.11.17-09.03.57:771][  0]LogD3D11RHI: Creating new Direct3DDevice
[2020.11.17-09.03.57:771][  0]LogD3D11RHI:     GPU DeviceId: 0x1cb1 (for the marketing name, search the web for "GPU Device Id")
[2020.11.17-09.03.57:771][  0]LogWindows: EnumDisplayDevices:
[2020.11.17-09.03.57:771][  0]LogWindows:    0. 'NVIDIA Quadro P1000' (P:1 D:1)
[2020.11.17-09.03.57:771][  0]LogWindows:    1. 'NVIDIA Quadro P1000' (P:0 D:0)
[2020.11.17-09.03.57:771][  0]LogWindows:    2. 'NVIDIA Quadro P1000' (P:0 D:0)
[2020.11.17-09.03.57:772][  0]LogWindows:    3. 'NVIDIA Quadro P1000' (P:0 D:0)
[2020.11.17-09.03.57:772][  0]LogWindows: DebugString: FoundDriverCount:4 
[2020.11.17-09.03.57:772][  0]LogD3D11RHI:     Adapter Name: NVIDIA Quadro P1000
[2020.11.17-09.03.57:772][  0]LogD3D11RHI:   Driver Version: 430.86 (internal:26.21.14.3086, unified:430.86)
[2020.11.17-09.03.57:772][  0]LogD3D11RHI:      Driver Date: 5-22-2019
[2020.11.17-09.03.57:772][  0]LogRHI: Texture pool is 2813 MB (70% of 4019 MB)
[2020.11.17-09.03.57:805][  0]LogD3D11RHI: RHI has support for 64 bit atomics
[2020.11.17-09.03.57:806][  0]LogD3D11RHI: Async texture creation enabled
[2020.11.17-09.03.57:806][  0]LogD3D11RHI: Array index from any shader is supported
[2020.11.17-09.03.57:860][  0]LogD3D11RHI: GPU Timing Frequency: 1000.000000 (Debug: 2 1)
[2020.11.17-09.03.58:155][  0]LogTargetPlatformManager: Display: Loaded TargetPlatform 'WindowsNoEditor'
[2020.11.17-09.03.58:161][  0]LogTargetPlatformManager: Display: Loaded TargetPlatform 'Windows'
[2020.11.17-09.03.58:185][  0]LogTargetPlatformManager: Display: Loaded TargetPlatform 'WindowsClient'
[2020.11.17-09.03.58:208][  0]LogTargetPlatformManager: Display: Loaded TargetPlatform 'WindowsServer'
[2020.11.17-09.03.58:208][  0]LogTargetPlatformManager: Display: Building Assets For Windows
[2020.11.17-09.03.58:213][  0]LogAudioDebug: Display: Lib vorbis DLL was dynamically loaded.
[2020.11.17-09.03.58:263][  0]LogShaderCompilers: Guid format shader working directory is 38 characters bigger than the processId version (X:/stungun/Intermediate/Shaders/WorkingDirectory/4132/).
[2020.11.17-09.03.58:263][  0]LogShaderCompilers: Cleaned the shader compiler working directory 'C:/Users/vibelik/AppData/Local/Temp/UnrealShaderWorkingDir/42A81C7A48F3862C2902CC9373196F15/'.
[2020.11.17-09.03.58:263][  0]LogXGEController: Cannot use XGE Controller as Incredibuild is not installed on this machine.
[2020.11.17-09.03.58:263][  0]LogShaderCompilers: Cannot use XGE Shader Compiler as Incredibuild is not installed on this machine.
[2020.11.17-09.03.58:263][  0]LogShaderCompilers: Display: Using Local Shader Compiler.
[2020.11.17-09.03.58:914][  0]LogDerivedDataCache: Display: Max Cache Size: 512 MB
[2020.11.17-09.03.58:956][  0]LogDerivedDataCache: Loaded boot cache 0.04s 75MB C:/Users/vibelik/AppData/Local/UnrealEngine/4.25/DerivedDataCache/Boot.ddc.
[2020.11.17-09.03.58:956][  0]LogDerivedDataCache: Display: Loaded Boot cache: C:/Users/vibelik/AppData/Local/UnrealEngine/4.25/DerivedDataCache/Boot.ddc
[2020.11.17-09.03.58:958][  0]LogDerivedDataCache: FDerivedDataBackendGraph:  Pak pak cache file X:/stungun/DerivedDataCache/DDC.ddp not found, will not use a pak cache.
[2020.11.17-09.03.58:958][  0]LogDerivedDataCache: Unable to find inner node Pak for hierarchical cache Hierarchy.
[2020.11.17-09.03.58:960][  0]LogDerivedDataCache: FDerivedDataBackendGraph:  CompressedPak pak cache file X:/stungun/DerivedDataCache/Compressed.ddp not found, will not use a pak cache.
[2020.11.17-09.03.58:960][  0]LogDerivedDataCache: Unable to find inner node CompressedPak for hierarchical cache Hierarchy.
[2020.11.17-09.03.58:968][  0]LogDerivedDataCache: Display: Pak cache opened for reading ../../../Engine/DerivedDataCache/Compressed.ddp.
[2020.11.17-09.03.58:968][  0]LogDerivedDataCache: FDerivedDataBackendGraph:  EnterprisePak pak cache file ../../../Enterprise/DerivedDataCache/Compressed.ddp not found, will not use a pak cache.
[2020.11.17-09.03.58:968][  0]LogDerivedDataCache: Unable to find inner node EnterprisePak for hierarchical cache Hierarchy.
[2020.11.17-09.03.58:969][  0]LogDerivedDataCache: Using Local data cache path C:/Users/vibelik/AppData/Local/UnrealEngine/Common/DerivedDataCache: Writable
[2020.11.17-09.03.58:969][  0]LogDerivedDataCache: Shared data cache path not found in *engine.ini, will not use an Shared cache.
[2020.11.17-09.03.58:969][  0]LogDerivedDataCache: Unable to find inner node Shared for hierarchical cache Hierarchy.
[2020.11.17-09.03.58:980][  0]LogSlate: Using FreeType 2.10.0
[2020.11.17-09.03.58:980][  0]LogSlate: SlateFontServices - WITH_FREETYPE: 1, WITH_HARFBUZZ: 1
[2020.11.17-09.03.59:040][  0]LogInit: Using OS detected language (ru-RU).
[2020.11.17-09.03.59:040][  0]LogInit: Using OS detected locale (ru-RU).
[2020.11.17-09.03.59:040][  0]LogTextLocalizationManager: No localization for 'ru-RU' exists, so 'en' will be used for the language.
[2020.11.17-09.03.59:040][  0]LogTextLocalizationManager: No localization for 'ru-RU' exists, so 'en' will be used for the locale.
[2020.11.17-09.03.59:040][  0]LogSlate: FontCache flush requested. Reason: Culture for localization was changed
[2020.11.17-09.03.59:040][  0]LogSlate: FontCache flush requested. Reason: Culture for localization was changed
[2020.11.17-09.03.59:040][  0]LogTextLocalizationManager: Compacting localization data took   0.00ms
[2020.11.17-09.03.59:042][  0]LogAssetRegistry: FAssetRegistry took 0.0015 seconds to start up
[2020.11.17-09.03.59:457][  0]LogPackageLocalizationCache: Processed 19 localized package path(s) for 1 prioritized culture(s) in 0.002758 seconds
[2020.11.17-09.03.59:502][  0]LogInit: Selected Device Profile: [Windows]
[2020.11.17-09.03.59:616][  0]LogMeshReduction: Using QuadricMeshReduction for automatic static mesh reduction
[2020.11.17-09.03.59:616][  0]LogMeshReduction: Using SimplygonMeshReduction for automatic skeletal mesh reduction
[2020.11.17-09.03.59:616][  0]LogMeshReduction: Using ProxyLODMeshReduction for automatic mesh merging
[2020.11.17-09.03.59:616][  0]LogMeshReduction: No distributed automatic mesh merging module available
[2020.11.17-09.03.59:616][  0]LogMeshMerging: No distributed automatic mesh merging module available
[2020.11.17-09.03.59:627][  0]LogNetVersion: stungun 1.0.0, NetCL: 13144385, EngineNetVer: 14, GameNetVer: 0 (Checksum: 1885678141)
[2020.11.17-09.03.59:982][  0]LogAISub: UAISubsystem::UAISubsystem AISubsystem (000002654B83CD00), frame # 0
[2020.11.17-09.03.59:982][  0]LogAISub: UAISubsystem::UAISubsystem AIPerceptionSystem (000002654B75F600), frame # 0
[2020.11.17-09.03.59:983][  0]LogAISub: UAISubsystem::UAISubsystem EnvQueryManager (000002654B840A00), frame # 0
[2020.11.17-09.04.00:071][  0]LogCollectionManager: Loaded 0 collections in 0.019928 seconds
[2020.11.17-09.04.00:074][  0]LogFileCache: Scanning file cache for directory 'X:/stungun/Saved/Collections/' took 0.00s
[2020.11.17-09.04.00:074][  0]LogFileCache: Scanning file cache for directory 'X:/stungun/Content/Developers/vibelik/Collections/' took 0.00s
[2020.11.17-09.04.00:074][  0]LogFileCache: Scanning file cache for directory 'X:/stungun/Content/Collections/' took 0.00s
[2020.11.17-09.04.00:074][  0]LogCollectionManager: Fixed up redirectors for 0 collections in 0.000005 seconds (updated 0 objects)
[2020.11.17-09.04.00:117][  0]LogMoviePlayer: Initializing movie player
[2020.11.17-09.04.00:259][  0]LogTcpMessaging: Initializing TcpMessaging bridge
[2020.11.17-09.04.00:262][  0]LogUdpMessaging: Initializing bridge on interface 0.0.0.0:0 to multicast group 230.0.0.1:6666.
[2020.11.17-09.04.00:262][  0]LogDirectoryWatcher: A directory notification failed for 'X:/stungun/Saved/Collections/' because it was empty or there was a buffer overflow. Attemping another request...
[2020.11.17-09.04.00:262][  0]LogDirectoryWatcher: A directory notification failed for 'X:/stungun/Content/Developers/vibelik/Collections/' because it was empty or there was a buffer overflow. Attemping another request...
[2020.11.17-09.04.00:262][  0]LogDirectoryWatcher: A directory notification failed for 'X:/stungun/Content/Collections/' because it was empty or there was a buffer overflow. Attemping another request...
[2020.11.17-09.04.00:325][  0]SourceControl: Source control is disabled
[2020.11.17-09.04.00:325][  0]SourceControl: Source control is disabled
[2020.11.17-09.04.00:330][  0]SourceControl: Source control is disabled
[2020.11.17-09.04.00:487][  0]LogAndroidPermission: UAndroidPermissionCallbackProxy::GetInstance
[2020.11.17-09.04.00:503][  0]LogAudioCaptureCore: Display: No Audio Capture implementations found. Audio input will be silent.
[2020.11.17-09.04.00:503][  0]LogAudioCaptureCore: Display: No Audio Capture implementations found. Audio input will be silent.
[2020.11.17-09.04.00:537][  0]LogOcInput: OculusInput pre-init called
[2020.11.17-09.04.00:549][  0]LogUObjectArray: 19064 objects as part of root set at end of initial load.
[2020.11.17-09.04.00:549][  0]LogUObjectAllocator: 5015424 out of 0 bytes used by permanent object pool.
[2020.11.17-09.04.00:549][  0]LogUObjectArray: CloseDisregardForGC: 0/0 objects in disregard for GC pool
[2020.11.17-09.04.00:580][  0]LogEngine: Initializing Engine...
[2020.11.17-09.04.00:581][  0]LogHMD: Failed to initialize OpenVR with code 110
[2020.11.17-09.04.00:581][  0]LogMagicLeap: Warning: VR disabled because ZI is not enabled.  To enable, in the editor, Edit -> Project Settings -> Plugins -> Magic Leap Plugin -> Enable Zero Iteration
[2020.11.17-09.04.00:585][  0]LogStats: UGameplayTagsManager::InitializeManager -  0.002 s
[2020.11.17-09.04.00:656][  0]LogInit: Initializing FReadOnlyCVARCache
[2020.11.17-09.04.00:659][  0]LogAudioMixer: Display: Audio Mixer Platform Settings:
[2020.11.17-09.04.00:659][  0]LogAudioMixer: Display: 	Sample Rate:						  48000
[2020.11.17-09.04.00:659][  0]LogAudioMixer: Display: 	Callback Buffer Frame Size Requested: 1024
[2020.11.17-09.04.00:659][  0]LogAudioMixer: Display: 	Callback Buffer Frame Size To Use:	  1024
[2020.11.17-09.04.00:659][  0]LogAudioMixer: Display: 	Number of buffers to queue:			  2
[2020.11.17-09.04.00:659][  0]LogAudioMixer: Display: 	Max Channels (voices):				  32
[2020.11.17-09.04.00:659][  0]LogAudioMixer: Display: 	Number of Async Source Workers:		  0
[2020.11.17-09.04.00:659][  0]LogAudio: Display: AudioDevice MaxSources: 32
[2020.11.17-09.04.00:660][  0]LogAudio: Display: Using built-in audio occlusion.
[2020.11.17-09.04.00:660][  0]LogAudioMixer: Display: Initializing audio mixer.
[2020.11.17-09.04.00:676][  0]LogAudioMixer: Display: 0: FrontLeft
[2020.11.17-09.04.00:676][  0]LogAudioMixer: Display: 1: FrontRight
[2020.11.17-09.04.00:708][  0]LogAudioMixer: Display: Using Audio Device Realtek Digital Output (Realtek(R) Audio)
[2020.11.17-09.04.00:716][  0]LogAudioMixer: Display: Initializing Sound Submixes...
[2020.11.17-09.04.00:717][  0]LogAudioMixer: Display: Creating Master Submix 'MasterSubmixDefault'
[2020.11.17-09.04.00:717][  0]LogAudioMixer: Display: Creating Master Submix 'MasterReverbSubmixDefault'
[2020.11.17-09.04.00:718][  0]LogAudioMixer: Display: Creating Master Submix 'MasterEQSubmixDefault'
[2020.11.17-09.04.00:718][  0]LogInit: FAudioDevice initialized.
[2020.11.17-09.04.00:719][  0]LogNetVersion: Set ProjectVersion to 1.0.0.0. Version Checksum will be recalculated on next use.
[2020.11.17-09.04.00:720][  0]LogInit: Texture streaming: Enabled
[2020.11.17-09.04.00:759][  0]LogSlate: Updating window title bar state: overlay mode, drag disabled, window buttons hidden, title bar hidden
[2020.11.17-09.04.00:759][  0]LogInit: Display: Game Engine Initialized.
[2020.11.17-09.04.00:760][  0]LogNiagaraEditor: Warning: GEditor isn't valid! Particle reset commands will not work for Niagara components!
[2020.11.17-09.04.00:778][  0]LogInit: Display: Starting Game.
[2020.11.17-09.04.00:779][  0]LogNet: Browse: /Game/levels/1?Name=Player
[2020.11.17-09.04.00:779][  0]LogLoad: LoadMap: /Game/levels/1?Name=Player
[2020.11.17-09.04.00:779][  0]LogWorld: BeginTearingDown for /Temp/Untitled_0
[2020.11.17-09.04.00:780][  0]LogWorld: UWorld::CleanupWorld for Untitled, bSessionEnded=true, bCleanupResources=true
[2020.11.17-09.04.00:780][  0]LogSlate: InvalidateAllWidgets triggered.  All widgets were invalidated
[2020.11.17-09.04.00:792][  0]LogUObjectHash: Compacting FUObjectHashTables data took   0.45ms
[2020.11.17-09.04.03:009][  0]LogAIModule: Creating AISystem for world 1
[2020.11.17-09.04.03:010][  0]LogAISub: UAISubsystem::UAISubsystem EnvQueryManager (0000026552345400), frame # 0
[2020.11.17-09.04.03:010][  0]LogAISub: UAISubsystem::UAISubsystem AIPerceptionSystem (000002655199B600), frame # 0
[2020.11.17-09.04.03:018][  0]LogUObjectGlobals: Warning: Failed to load '/Game/ThirdPersonBP/Blueprints/ThirdPersonGameMode': Can't find file.
[2020.11.17-09.04.03:019][  0]LogUObjectGlobals: Warning: Failed to load '/Game/ThirdPersonBP/Blueprints/ThirdPersonGameMode': Can't find file.
[2020.11.17-09.04.03:019][  0]LogUObjectGlobals: Warning: Failed to find object 'Class /Game/ThirdPersonBP/Blueprints/ThirdPersonGameMode.ThirdPersonGameMode_C'
[2020.11.17-09.04.03:019][  0]LogLoad: Game class is 'GameModeBase'
[2020.11.17-09.04.03:025][  0]LogWorld: Bringing World /Game/levels/1.1 up for play (max tick rate 0) at 2020.11.17-12.04.03
[2020.11.17-09.04.03:025][  0]LogWorld: Bringing up level for play took: 0.005858
[2020.11.17-09.04.03:025][  0]LogGameMode: FindPlayerStart: PATHS NOT DEFINED or NO PLAYERSTART with positive rating
[2020.11.17-09.04.03:027][  0]LogLoad: Took 2.247533 seconds to LoadMap(/Game/levels/1)
[2020.11.17-09.04.03:073][  0]LogRenderer: Reallocating scene render targets to support 720x1280 Format 10 NumSamples 1 (Frame:1).
[2020.11.17-09.04.03:073][  0]LogLoad: (Engine Initialization) Total time: 12.29 seconds
[2020.11.17-09.04.03:073][  0]LogLoad: (Engine Initialization) Total Blueprint compile time: 0.00 seconds
[2020.11.17-09.04.03:076][  0]LogContentStreaming: Texture pool size now 1000 MB
[2020.11.17-09.04.03:079][  0]LogSlate: InvalidateAllWidgets triggered.  All widgets were invalidated
[2020.11.17-09.04.04:760][191]LogBlueprintUserMessages: [idea_of_circle_2] down
[2020.11.17-09.04.04:761][191]LogSlate: Took 0.000142 seconds to synchronously load lazily loaded font '../../../Engine/Content/Slate/Fonts/Roboto-Regular.ttf' (155K)
[2020.11.17-09.04.05:152][722]LogBlueprintUserMessages: [idea_of_circle_2] down
[2020.11.17-09.04.05:153][722]LogBlueprintUserMessages: [idea_of_circle_2] 1
[2020.11.17-09.04.05:569][304]LogBlueprintUserMessages: [idea_of_circle_2] up
[2020.11.17-09.04.05:929][810]LogBlueprintUserMessages: [idea_of_circle_2] up
[2020.11.17-09.04.06:305][327]LogBlueprintUserMessages: [idea_of_circle_2] up
[2020.11.17-09.04.06:752][949]LogBlueprintUserMessages: [idea_of_circle_2] right
[2020.11.17-09.04.07:193][570]LogBlueprintUserMessages: [idea_of_circle_2] right
[2020.11.17-09.04.07:624][168]LogBlueprintUserMessages: [idea_of_circle_2] down
[2020.11.17-09.04.08:001][697]LogBlueprintUserMessages: [idea_of_circle_2] down
[2020.11.17-09.04.08:368][219]LogBlueprintUserMessages: [idea_of_circle_2] down
[2020.11.17-09.04.08:736][736]LogBlueprintUserMessages: [idea_of_circle_2] down
[2020.11.17-09.04.09:193][381]LogBlueprintUserMessages: [idea_of_circle_2] down
[2020.11.17-09.04.09:400][676]LogBlueprintUserMessages: [idea_of_circle_2] 0.8
[2020.11.17-09.04.10:473][338]LogBlueprintUserMessages: [idea_of_circle_2] right
[2020.11.17-09.04.11:081][222]LogBlueprintUserMessages: [idea_of_circle_2] down
[2020.11.17-09.04.11:081][222]LogBlueprintUserMessages: [idea_of_circle_2] 2
[2020.11.17-09.04.11:496][828]LogBlueprintUserMessages: [idea_of_circle_2] up
[2020.11.17-09.04.11:889][451]LogBlueprintUserMessages: [idea_of_circle_2] up
[2020.11.17-09.04.12:297][ 93]LogBlueprintUserMessages: [idea_of_circle_2] up
[2020.11.17-09.04.12:688][665]LogBlueprintUserMessages: [idea_of_circle_2] up
[2020.11.17-09.04.13:105][274]LogBlueprintUserMessages: [idea_of_circle_2] up
[2020.11.17-09.04.13:536][913]LogBlueprintUserMessages: [idea_of_circle_2] up
[2020.11.17-09.04.14:625][503]LogBlueprintUserMessages: [idea_of_circle_2] up
[2020.11.17-09.04.15:089][317]LogBlueprintUserMessages: [idea_of_circle_2] up
[2020.11.17-09.04.15:089][317]LogBlueprintUserMessages: [idea_of_circle_2] 3
[2020.11.17-09.04.16:841][164]LogBlueprintUserMessages: [idea_of_circle_2] left
[2020.11.17-09.04.17:376][ 64]LogBlueprintUserMessages: [idea_of_circle_2] right
[2020.11.17-09.04.17:768][698]LogBlueprintUserMessages: [idea_of_circle_2] right
[2020.11.17-09.04.18:113][254]LogBlueprintUserMessages: [idea_of_circle_2] right
[2020.11.17-09.04.18:640][ 93]LogBlueprintUserMessages: [idea_of_circle_2] down
[2020.11.17-09.04.19:009][667]LogBlueprintUserMessages: [idea_of_circle_2] down
[2020.11.17-09.04.19:640][585]LogBlueprintUserMessages: [idea_of_circle_2] right
[2020.11.17-09.04.20:065][180]LogBlueprintUserMessages: [idea_of_circle_2] right
[2020.11.17-09.04.20:065][180]LogBlueprintUserMessages: [idea_of_circle_2] 4
[2020.11.17-09.04.20:672][ 48]LogBlueprintUserMessages: [idea_of_circle_2] up
[2020.11.17-09.04.21:376][136]LogBlueprintUserMessages: [idea_of_circle_2] right
[2020.11.17-09.04.22:512][883]LogBlueprintUserMessages: [idea_of_circle_2] up
[2020.11.17-09.04.22:953][572]LogBlueprintUserMessages: [idea_of_circle_2] right
[2020.11.17-09.04.23:424][219]LogBlueprintUserMessages: [idea_of_circle_2] right
[2020.11.17-09.04.23:424][219]LogBlueprintUserMessages: [idea_of_circle_2] 5
[2020.11.17-09.04.24:097][305]LogBlueprintUserMessages: [idea_of_circle_2] down
[2020.11.17-09.04.24:433][836]LogBlueprintUserMessages: [idea_of_circle_2] down
[2020.11.17-09.04.24:809][429]LogBlueprintUserMessages: [idea_of_circle_2] down
[2020.11.17-09.04.25:216][ 83]LogBlueprintUserMessages: [idea_of_circle_2] down
[2020.11.17-09.04.25:568][633]LogBlueprintUserMessages: [idea_of_circle_2] down
[2020.11.17-09.04.26:008][329]LogBlueprintUserMessages: [idea_of_circle_2] down
[2020.11.17-09.04.26:585][229]LogBlueprintUserMessages: [idea_of_circle_2] left
[2020.11.17-09.04.27:585][633]LogBlueprintUserMessages: [idea_of_circle_2] left
[2020.11.17-09.04.28:145][415]LogBlueprintUserMessages: [idea_of_circle_2] left
[2020.11.17-09.04.28:768][300]LogBlueprintUserMessages: [idea_of_circle_2] up
[2020.11.17-09.04.28:768][300]LogBlueprintUserMessages: [idea_of_circle_2] 6
[2020.11.17-09.04.29:192][923]LogBlueprintUserMessages: [idea_of_circle_2] down
[2020.11.17-09.04.29:545][435]LogBlueprintUserMessages: [idea_of_circle_2] down
[2020.11.17-09.04.30:321][561]LogBlueprintUserMessages: [idea_of_circle_2] down
[2020.11.17-09.04.30:824][477]LogBlueprintUserMessages: [idea_of_circle_2] left
[2020.11.17-09.04.31:432][363]LogBlueprintUserMessages: [idea_of_circle_2] left
[2020.11.17-09.04.31:905][102]LogBlueprintUserMessages: [idea_of_circle_2] down
[2020.11.17-09.04.33:073][812]LogBlueprintUserMessages: [idea_of_circle_2] down
[2020.11.17-09.04.35:809][866]LogBlueprintUserMessages: [idea_of_circle_2] 0.6
[2020.11.17-09.04.36:873][510]LogBlueprintUserMessages: [idea_of_circle_2] up
[2020.11.17-09.04.37:265][ 88]LogBlueprintUserMessages: [idea_of_circle_2] up
[2020.11.17-09.04.37:752][831]LogBlueprintUserMessages: [idea_of_circle_2] right
[2020.11.17-09.04.38:209][489]LogBlueprintUserMessages: [idea_of_circle_2] right
[2020.11.17-09.04.38:209][489]LogBlueprintUserMessages: [idea_of_circle_2] 7
[2020.11.17-09.04.39:177][ 18]LogBlueprintUserMessages: [idea_of_circle_2] right
[2020.11.17-09.04.39:657][697]LogBlueprintUserMessages: [idea_of_circle_2] down
[2020.11.17-09.04.40:753][394]LogBlueprintUserMessages: [idea_of_circle_2] left
[2020.11.17-09.04.41:249][160]LogBlueprintUserMessages: [idea_of_circle_2] left
[2020.11.17-09.04.43:480][660]LogBlueprintUserMessages: [idea_of_circle_2] left
[2020.11.17-09.04.44:416][954]LogBlueprintUserMessages: [idea_of_circle_2] down
[2020.11.17-09.04.44:953][716]LogBlueprintUserMessages: [idea_of_circle_2] left
[2020.11.17-09.04.45:441][436]LogBlueprintUserMessages: [idea_of_circle_2] left
[2020.11.17-09.04.46:041][297]LogBlueprintUserMessages: [idea_of_circle_2] left
[2020.11.17-09.04.46:769][332]LogBlueprintUserMessages: [idea_of_circle_2] right
[2020.11.17-09.04.47:121][840]LogBlueprintUserMessages: [idea_of_circle_2] down
[2020.11.17-09.04.47:609][701]LogBlueprintUserMessages: [idea_of_circle_2] down
[2020.11.17-09.04.47:609][701]LogBlueprintUserMessages: [idea_of_circle_2] 8
[2020.11.17-09.04.48:329][917]LogBlueprintUserMessages: [idea_of_circle_2] left
[2020.11.17-09.04.48:816][802]LogBlueprintUserMessages: [idea_of_circle_2] left
[2020.11.17-09.04.50:064][ 89]LogBlueprintUserMessages: [idea_of_circle_2] left
[2020.11.17-09.04.50:584][865]LogBlueprintUserMessages: [idea_of_circle_2] left
[2020.11.17-09.04.51:289][123]LogBlueprintUserMessages: [idea_of_circle_2] left
[2020.11.17-09.04.51:720][937]LogBlueprintUserMessages: [idea_of_circle_2] up
[2020.11.17-09.04.52:144][734]LogBlueprintUserMessages: [idea_of_circle_2] up
[2020.11.17-09.04.52:585][579]LogBlueprintUserMessages: [idea_of_circle_2] right
[2020.11.17-09.04.53:201][704]LogBlueprintUserMessages: [idea_of_circle_2] up
[2020.11.17-09.04.53:657][538]LogBlueprintUserMessages: [idea_of_circle_2] right
[2020.11.17-09.04.54:033][154]LogBlueprintUserMessages: [idea_of_circle_2] right
[2020.11.17-09.04.54:480][860]LogBlueprintUserMessages: [idea_of_circle_2] right
[2020.11.17-09.04.54:480][860]LogBlueprintUserMessages: [idea_of_circle_2] 9
[2020.11.17-09.04.55:161][ 20]LogBlueprintUserMessages: [idea_of_circle_2] up
[2020.11.17-09.04.55:728][877]LogBlueprintUserMessages: [idea_of_circle_2] up
[2020.11.17-09.04.56:209][589]LogBlueprintUserMessages: [idea_of_circle_2] up
[2020.11.17-09.04.56:673][314]LogBlueprintUserMessages: [idea_of_circle_2] left
[2020.11.17-09.04.56:673][314]LogBlueprintUserMessages: [idea_of_circle_2] 10
[2020.11.17-09.04.57:312][414]LogBlueprintUserMessages: [idea_of_circle_2] up
[2020.11.17-09.04.58:025][621]LogBlueprintUserMessages: [idea_of_circle_2] up
[2020.11.17-09.04.58:585][430]LogBlueprintUserMessages: [idea_of_circle_2] up
[2020.11.17-09.04.59:057][114]LogBlueprintUserMessages: [idea_of_circle_2] up
[2020.11.17-09.04.59:776][369]LogBlueprintUserMessages: [idea_of_circle_2] right
[2020.11.17-09.05.00:265][ 45]LogBlueprintUserMessages: [idea_of_circle_2] down
[2020.11.17-09.05.02:032][ 48]LogBlueprintUserMessages: [idea_of_circle_2] down
[2020.11.17-09.05.02:448][653]LogBlueprintUserMessages: [idea_of_circle_2] down
[2020.11.17-09.05.02:841][220]LogBlueprintUserMessages: [idea_of_circle_2] down
[2020.11.17-09.05.03:409][167]LogBlueprintUserMessages: [idea_of_circle_2] down
[2020.11.17-09.05.03:809][796]LogBlueprintUserMessages: [idea_of_circle_2] down
[2020.11.17-09.05.04:189][379]LogBlueprintUserMessages: [idea_of_circle_2] down
[2020.11.17-09.05.04:664][187]LogBlueprintUserMessages: [idea_of_circle_2] down
[2020.11.17-09.05.05:632][769]LogBlueprintUserMessages: [idea_of_circle_2] right
[2020.11.17-09.05.06:488][ 95]LogBlueprintUserMessages: [idea_of_circle_2] right
[2020.11.17-09.05.07:104][ 75]LogBlueprintUserMessages: [idea_of_circle_2] up
[2020.11.17-09.05.07:816][205]LogBlueprintUserMessages: [idea_of_circle_2] right
[2020.11.17-09.05.08:296][953]LogBlueprintUserMessages: [idea_of_circle_2] up
[2020.11.17-09.05.08:880][870]LogBlueprintUserMessages: [idea_of_circle_2] up
[2020.11.17-09.05.09:521][886]LogBlueprintUserMessages: [idea_of_circle_2] up
[2020.11.17-09.05.09:976][600]LogBlueprintUserMessages: [idea_of_circle_2] up
[2020.11.17-09.05.10:376][230]LogBlueprintUserMessages: [idea_of_circle_2] up
[2020.11.17-09.05.11:025][277]LogBlueprintUserMessages: [idea_of_circle_2] up
[2020.11.17-09.05.11:464][ 22]LogBlueprintUserMessages: [idea_of_circle_2] left
[2020.11.17-09.05.12:016][953]LogBlueprintUserMessages: [idea_of_circle_2] up
[2020.11.17-09.05.12:897][484]LogBlueprintUserMessages: [idea_of_circle_2] left
[2020.11.17-09.05.13:344][263]LogBlueprintUserMessages: [idea_of_circle_2] down
[2020.11.17-09.05.13:785][880]LogBlueprintUserMessages: [idea_of_circle_2] down
[2020.11.17-09.05.14:185][434]LogBlueprintUserMessages: [idea_of_circle_2] down
[2020.11.17-09.05.14:577][987]LogBlueprintUserMessages: [idea_of_circle_2] down
[2020.11.17-09.05.15:001][595]LogBlueprintUserMessages: [idea_of_circle_2] down
[2020.11.17-09.05.15:424][367]LogBlueprintUserMessages: [idea_of_circle_2] down
[2020.11.17-09.05.16:401][140]LogBlueprintUserMessages: [idea_of_circle_2] down
[2020.11.17-09.05.16:984][213]LogBlueprintUserMessages: [idea_of_circle_2] right
[2020.11.17-09.05.18:823][122]LogNet: Browse: /Game/levels/1
[2020.11.17-09.05.18:824][122]LogLoad: LoadMap: /Game/levels/1
[2020.11.17-09.05.18:824][122]LogWorld: BeginTearingDown for /Game/levels/1
[2020.11.17-09.05.18:824][122]LogWorld: UWorld::CleanupWorld for 1, bSessionEnded=true, bCleanupResources=true
[2020.11.17-09.05.18:824][122]LogSlate: InvalidateAllWidgets triggered.  All widgets were invalidated
[2020.11.17-09.05.18:860][122]LogAudio: Display: Waited 36.086601 ms for audio thread.
[2020.11.17-09.05.18:899][122]LogAISub: UAISubsystem::~UAISubsystem EnvQueryManager (0000026552345400), frame # 118122
[2020.11.17-09.05.18:899][122]LogAISub: UAISubsystem::~UAISubsystem AIPerceptionSystem (000002655199B600), frame # 118122
[2020.11.17-09.05.18:900][122]LogUObjectHash: Compacting FUObjectHashTables data took   0.73ms
[2020.11.17-09.05.19:805][122]LogAIModule: Creating AISystem for world 1
[2020.11.17-09.05.19:805][122]LogAISub: UAISubsystem::UAISubsystem EnvQueryManager (000002655237BE00), frame # 118122
[2020.11.17-09.05.19:805][122]LogAISub: UAISubsystem::UAISubsystem AIPerceptionSystem (000002655199A0C0), frame # 118122
[2020.11.17-09.05.19:815][122]LogLoad: Game class is 'GameModeBase'
[2020.11.17-09.05.19:821][122]LogWorld: Bringing World /Game/levels/1.1 up for play (max tick rate 0) at 2020.11.17-12.05.19
[2020.11.17-09.05.19:821][122]LogWorld: Bringing up level for play took: 0.005396
[2020.11.17-09.05.19:822][122]LogGameMode: FindPlayerStart: PATHS NOT DEFINED or NO PLAYERSTART with positive rating
[2020.11.17-09.05.19:823][122]LogLoad: Took 0.999208 seconds to LoadMap(/Game/levels/1)
[2020.11.17-09.05.20:728][322]LogBlueprintUserMessages: [idea_of_circle_2] down
[2020.11.17-09.05.21:208][961]LogBlueprintUserMessages: [idea_of_circle_2] down
[2020.11.17-09.05.21:208][961]LogBlueprintUserMessages: [idea_of_circle_2] 1
[2020.11.17-09.05.22:153][266]LogBlueprintUserMessages: [idea_of_circle_2] left
[2020.11.17-09.05.22:640][939]LogBlueprintUserMessages: [idea_of_circle_2] left
[2020.11.17-09.05.23:096][582]LogBlueprintUserMessages: [idea_of_circle_2] down
[2020.11.17-09.05.23:489][134]LogBlueprintUserMessages: [idea_of_circle_2] down
[2020.11.17-09.05.23:881][683]LogBlueprintUserMessages: [idea_of_circle_2] down
[2020.11.17-09.05.24:632][839]LogBlueprintUserMessages: [idea_of_circle_2] down
[2020.11.17-09.05.24:632][839]LogBlueprintUserMessages: [idea_of_circle_2] 2
[2020.11.17-09.05.25:281][862]LogBlueprintUserMessages: [idea_of_circle_2] left
[2020.11.17-09.05.26:033][ 40]LogBlueprintUserMessages: [idea_of_circle_2] down
[2020.11.17-09.05.26:400][627]LogBlueprintUserMessages: [idea_of_circle_2] down
[2020.11.17-09.05.26:736][154]LogBlueprintUserMessages: [idea_of_circle_2] down
[2020.11.17-09.05.27:072][679]LogBlueprintUserMessages: [idea_of_circle_2] down
[2020.11.17-09.05.27:416][211]LogBlueprintUserMessages: [idea_of_circle_2] down
[2020.11.17-09.05.27:736][707]LogBlueprintUserMessages: [idea_of_circle_2] down
[2020.11.17-09.05.28:072][226]LogBlueprintUserMessages: [idea_of_circle_2] down
[2020.11.17-09.05.28:481][865]LogBlueprintUserMessages: [idea_of_circle_2] down
[2020.11.17-09.05.28:953][609]LogBlueprintUserMessages: [idea_of_circle_2] right
[2020.11.17-09.05.29:337][222]LogBlueprintUserMessages: [idea_of_circle_2] right
[2020.11.17-09.05.29:705][804]LogBlueprintUserMessages: [idea_of_circle_2] right
[2020.11.17-09.05.30:129][476]LogBlueprintUserMessages: [idea_of_circle_2] right
[2020.11.17-09.05.30:560][180]LogBlueprintUserMessages: [idea_of_circle_2] right
[2020.11.17-09.05.30:952][818]LogBlueprintUserMessages: [idea_of_circle_2] up
[2020.11.17-09.05.31:393][597]LogBlueprintUserMessages: [idea_of_circle_2] up
[2020.11.17-09.05.31:393][597]LogBlueprintUserMessages: [idea_of_circle_2] 3
[2020.11.17-09.05.32:056][727]LogBlueprintUserMessages: [idea_of_circle_2] up
[2020.11.17-09.05.32:448][351]LogBlueprintUserMessages: [idea_of_circle_2] up
[2020.11.17-09.05.32:897][ 11]LogBlueprintUserMessages: [idea_of_circle_2] up
[2020.11.17-09.05.33:784][311]LogBlueprintUserMessages: [idea_of_circle_2] right
[2020.11.17-09.05.34:601][771]LogBlueprintUserMessages: [idea_of_circle_2] up
[2020.11.17-09.05.35:057][436]LogBlueprintUserMessages: [idea_of_circle_2] up
[2020.11.17-09.05.35:057][436]LogBlueprintUserMessages: [idea_of_circle_2] 4
[2020.11.17-09.05.35:496][232]LogBlueprintUserMessages: [idea_of_circle_2] up
[2020.11.17-09.05.35:888][943]LogBlueprintUserMessages: [idea_of_circle_2] right
[2020.11.17-09.05.38:607][136]LogSlate: Window 'stungun (64-bit Development PCD3D_ES31) ' being destroyed
[2020.11.17-09.05.38:608][136]LogWindowsTextInputMethodSystem: Display: IME system now deactivated.
[2020.11.17-09.05.38:610][136]LogSlate: Updating window title bar state: overlay mode, drag disabled, window buttons hidden, title bar hidden
[2020.11.17-09.05.38:610][136]LogEngine: All Windows Closed
[2020.11.17-09.05.38:610][136]LogWindows: FPlatformMisc::RequestExit(0)
[2020.11.17-09.05.38:610][136]LogCore: Engine exit requested (reason: Win RequestExit)
[2020.11.17-09.05.38:610][137]LogCore: Engine exit requested (reason: EngineExit() was called; note: exit was already requested)
[2020.11.17-09.05.38:611][137]LogAudio: Display: Shutting down audio device while 2 references to it are still alive. For more information, compile with INSTRUMENT_AUDIODEVICE_HANDLES.
[2020.11.17-09.05.38:673][137]LogInit: Display: PreExit Game.
[2020.11.17-09.05.38:994][137]LogWorld: BeginTearingDown for /Game/levels/1
[2020.11.17-09.05.38:994][137]LogWorld: UWorld::CleanupWorld for 1, bSessionEnded=true, bCleanupResources=true
[2020.11.17-09.05.38:994][137]LogSlate: InvalidateAllWidgets triggered.  All widgets were invalidated
[2020.11.17-09.05.39:649][137]LogExit: Preparing to exit.
[2020.11.17-09.05.40:309][137]LogMoviePlayer: Shutting down movie player
[2020.11.17-09.05.40:509][137]LogSlate: Updating window title bar state: overlay mode, drag disabled, window buttons hidden, title bar hidden
[2020.11.17-09.05.40:513][137]LogDemo: Cleaned up 0 splitscreen connections with owner deletion
[2020.11.17-09.05.40:514][137]LogExit: Game engine shut down
[2020.11.17-09.05.40:524][137]LogAISub: UAISubsystem::~UAISubsystem AISubsystem (000002654B83CD00), frame # 147137
[2020.11.17-09.05.40:524][137]LogAISub: UAISubsystem::~UAISubsystem AIPerceptionSystem (000002654B75F600), frame # 147137
[2020.11.17-09.05.40:524][137]LogAISub: UAISubsystem::~UAISubsystem EnvQueryManager (000002654B840A00), frame # 147137
[2020.11.17-09.05.40:525][137]LogAISub: UAISubsystem::~UAISubsystem AIPerceptionSystem (000002655199A0C0), frame # 147137
[2020.11.17-09.05.40:525][137]LogAISub: UAISubsystem::~UAISubsystem EnvQueryManager (000002655237BE00), frame # 147137
[2020.11.17-09.05.40:544][137]LogExit: Object subsystem successfully closed.
[2020.11.17-09.05.40:570][137]LogShaderCompilers: Display: Shaders left to compile 0
[2020.11.17-09.05.40:584][137]LogModuleManager: Shutting down and abandoning module SequenceRecorderSections (502)
[2020.11.17-09.05.40:584][137]LogModuleManager: Shutting down and abandoning module SequenceRecorder (500)
[2020.11.17-09.05.40:584][137]LogModuleManager: Shutting down and abandoning module AutomationController (498)
[2020.11.17-09.05.40:584][137]LogModuleManager: Shutting down and abandoning module AutomationWorker (496)
[2020.11.17-09.05.40:584][137]LogModuleManager: Shutting down and abandoning module Voice (494)
[2020.11.17-09.05.40:584][137]LogModuleManager: Shutting down and abandoning module AIModule (492)
[2020.11.17-09.05.40:584][137]LogModuleManager: Shutting down and abandoning module GameplayDebugger (491)
[2020.11.17-09.05.40:584][137]LogModuleManager: Shutting down and abandoning module AITestSuite (489)
[2020.11.17-09.05.40:584][137]LogModuleManager: Shutting down and abandoning module NavigationSystem (487)
[2020.11.17-09.05.40:584][137]LogModuleManager: Shutting down and abandoning module OculusMR (484)
[2020.11.17-09.05.40:584][137]LogModuleManager: Shutting down and abandoning module WmfMediaFactory (482)
[2020.11.17-09.05.40:584][137]LogModuleManager: Shutting down and abandoning module WebMMediaFactory (480)
[2020.11.17-09.05.40:584][137]LogModuleManager: Shutting down and abandoning module WebMMedia (478)
[2020.11.17-09.05.40:585][137]LogModuleManager: Shutting down and abandoning module OpenExrWrapper (476)
[2020.11.17-09.05.40:585][137]LogModuleManager: Shutting down and abandoning module ImgMediaFactory (474)
[2020.11.17-09.05.40:585][137]LogModuleManager: Shutting down and abandoning module AvfMediaFactory (472)
[2020.11.17-09.05.40:585][137]LogModuleManager: Shutting down and abandoning module MagicLeapMediaCodecFactory (470)
[2020.11.17-09.05.40:585][137]LogModuleManager: Shutting down and abandoning module MagicLeapMediaFactory (468)
[2020.11.17-09.05.40:585][137]LogModuleManager: Shutting down and abandoning module PlanarCut (466)
[2020.11.17-09.05.40:585][137]LogModuleManager: Shutting down and abandoning module CharacterAI (464)
[2020.11.17-09.05.40:585][137]LogModuleManager: Shutting down and abandoning module SessionServices (462)
[2020.11.17-09.05.40:585][137]LogModuleManager: Shutting down and abandoning module MovieSceneCapture (460)
[2020.11.17-09.05.40:585][137]LogModuleManager: Shutting down and abandoning module LiveCoding (458)
[2020.11.17-09.05.40:585][137]LogModuleManager: Shutting down and abandoning module LevelSequence (456)
[2020.11.17-09.05.40:585][137]LogModuleManager: Shutting down and abandoning module MovieSceneTracks (454)
[2020.11.17-09.05.40:585][137]LogModuleManager: Shutting down and abandoning module MovieScene (452)
[2020.11.17-09.05.40:585][137]LogModuleManager: Shutting down and abandoning module StreamingPauseRendering (450)
[2020.11.17-09.05.40:585][137]LogModuleManager: Shutting down and abandoning module PortalServices (448)
[2020.11.17-09.05.40:585][137]LogModuleManager: Shutting down and abandoning module PortalRpc (446)
[2020.11.17-09.05.40:585][137]LogModuleManager: Shutting down and abandoning module MessagingRpc (444)
[2020.11.17-09.05.40:585][137]LogModuleManager: Shutting down and abandoning module AudioMixerXAudio2 (442)
[2020.11.17-09.05.40:585][137]LogModuleManager: Shutting down and abandoning module AudioMixerCore (441)
[2020.11.17-09.05.40:585][137]LogModuleManager: Shutting down and abandoning module ProfilerService (438)
[2020.11.17-09.05.40:745][137]LogModuleManager: Shutting down and abandoning module TaskGraph (436)
[2020.11.17-09.05.40:745][137]LogModuleManager: Shutting down and abandoning module Synthesis (434)
[2020.11.17-09.05.40:745][137]LogModuleManager: Shutting down and abandoning module ProceduralMeshComponent (432)
[2020.11.17-09.05.40:745][137]LogModuleManager: Shutting down and abandoning module OculusInput (430)
[2020.11.17-09.05.40:745][137]LogModuleManager: Shutting down and abandoning module MobilePatchingUtils (428)
[2020.11.17-09.05.40:745][137]LogModuleManager: Shutting down and abandoning module GooglePAD (426)
[2020.11.17-09.05.40:745][137]LogModuleManager: Shutting down and abandoning module EditableMesh (424)
[2020.11.17-09.05.40:745][137]LogModuleManager: Shutting down and abandoning module CustomMeshComponent (422)
[2020.11.17-09.05.40:745][137]LogModuleManager: Shutting down and abandoning module CableComponent (420)
[2020.11.17-09.05.40:745][137]LogModuleManager: Shutting down and abandoning module AudioCapture (418)
[2020.11.17-09.05.40:745][137]LogModuleManager: Shutting down and abandoning module AudioCaptureRtAudio (417)
[2020.11.17-09.05.40:745][137]LogModuleManager: Shutting down and abandoning module AssetTags (414)
[2020.11.17-09.05.40:745][137]LogModuleManager: Shutting down and abandoning module ArchVisCharacter (412)
[2020.11.17-09.05.40:745][137]LogModuleManager: Shutting down and abandoning module AppleImageUtilsBlueprintSupport (410)
[2020.11.17-09.05.40:745][137]LogModuleManager: Shutting down and abandoning module AppleImageUtils (408)
[2020.11.17-09.05.40:745][137]LogModuleManager: Shutting down and abandoning module AndroidPermission (406)
[2020.11.17-09.05.40:745][137]LogModuleManager: Shutting down and abandoning module NUTUnrealEngine4 (404)
[2020.11.17-09.05.40:745][137]LogModuleManager: Shutting down and abandoning module NetcodeUnitTest (402)
[2020.11.17-09.05.40:745][137]LogModuleManager: Shutting down and abandoning module TemplateSequence (400)
[2020.11.17-09.05.40:745][137]LogModuleManager: Shutting down and abandoning module MovieRenderPipelineRenderPasses (398)
[2020.11.17-09.05.40:745][137]LogModuleManager: Shutting down and abandoning module MovieRenderPipelineSettings (396)
[2020.11.17-09.05.40:745][137]LogModuleManager: Shutting down and abandoning module MovieRenderPipelineCore (394)
[2020.11.17-09.05.40:745][137]LogModuleManager: Shutting down and abandoning module ImageWriteQueue (393)
[2020.11.17-09.05.40:747][137]LogModuleManager: Shutting down and abandoning module MediaCompositing (390)
[2020.11.17-09.05.40:747][137]LogModuleManager: Shutting down and abandoning module ImgMedia (388)
[2020.11.17-09.05.40:748][137]LogModuleManager: Shutting down and abandoning module MagicLeapSharedWorld (386)
[2020.11.17-09.05.40:748][137]LogModuleManager: Shutting down and abandoning module MagicLeapLightEstimation (384)
[2020.11.17-09.05.40:748][137]LogModuleManager: Shutting down and abandoning module MagicLeapHelperVulkan (382)
[2020.11.17-09.05.40:748][137]LogModuleManager: Shutting down and abandoning module MagicLeapHelperOpenGL (380)
[2020.11.17-09.05.40:748][137]LogModuleManager: Shutting down and abandoning module MagicLeapAudio (378)
[2020.11.17-09.05.40:748][137]LogModuleManager: Shutting down and abandoning module MeshSolverUtilities (376)
[2020.11.17-09.05.40:748][137]LogModuleManager: Shutting down and abandoning module MeshConversion (374)
[2020.11.17-09.05.40:748][137]LogModuleManager: Shutting down and abandoning module DynamicMesh (372)
[2020.11.17-09.05.40:748][137]LogModuleManager: Shutting down and abandoning module GeometryAlgorithms (370)
[2020.11.17-09.05.40:748][137]LogModuleManager: Shutting down and abandoning module GeometricObjects (368)
[2020.11.17-09.05.40:748][137]LogModuleManager: Shutting down and abandoning module GeometryCollectionTracks (366)
[2020.11.17-09.05.40:748][137]LogModuleManager: Shutting down and abandoning module GeometryCollectionSequencer (365)
[2020.11.17-09.05.40:748][137]LogModuleManager: Shutting down and abandoning module GeometryCacheTracks (362)
[2020.11.17-09.05.40:748][137]LogModuleManager: Shutting down and abandoning module GeometryCacheSequencer (361)
[2020.11.17-09.05.40:748][137]LogModuleManager: Shutting down and abandoning module GeometryCache (358)
[2020.11.17-09.05.40:748][137]LogModuleManager: Shutting down and abandoning module GeometryCacheEd (357)
[2020.11.17-09.05.40:748][137]LogModuleManager: Shutting down and abandoning module ChaosNiagara (354)
[2020.11.17-09.05.40:748][137]LogModuleManager: Shutting down and abandoning module ChaosCloth (352)
[2020.11.17-09.05.40:748][137]LogModuleManager: Shutting down and abandoning module BackChannel (350)
[2020.11.17-09.05.40:748][137]LogModuleManager: Shutting down and abandoning module AutomationUtils (348)
[2020.11.17-09.05.40:748][137]LogModuleManager: Shutting down and abandoning module VisualStudioSourceCodeAccess (346)
[2020.11.17-09.05.40:748][137]LogModuleManager: Shutting down and abandoning module HotReload (345)
[2020.11.17-09.05.40:748][137]LogModuleManager: Shutting down and abandoning module VisualStudioCodeSourceCodeAccess (342)
[2020.11.17-09.05.40:748][137]LogModuleManager: Shutting down and abandoning module UObjectPlugin (340)
[2020.11.17-09.05.40:748][137]LogModuleManager: Shutting down and abandoning module SubversionSourceControl (338)
[2020.11.17-09.05.40:748][137]LogModuleManager: Shutting down and abandoning module RiderSourceCodeAccess (336)
[2020.11.17-09.05.40:748][137]LogModuleManager: Shutting down and abandoning module PerforceSourceControl (334)
[2020.11.17-09.05.40:748][137]LogModuleManager: Shutting down and abandoning module SourceControl (333)
[2020.11.17-09.05.40:748][137]LogModuleManager: Shutting down and abandoning module CLionSourceCodeAccess (330)
[2020.11.17-09.05.40:748][137]LogModuleManager: Shutting down and abandoning module ActorLayerUtilities (328)
[2020.11.17-09.05.40:748][137]LogModuleManager: Shutting down and abandoning module SoundFields (326)
[2020.11.17-09.05.40:748][137]LogModuleManager: Shutting down and abandoning module SignificanceManager (324)
[2020.11.17-09.05.40:748][137]LogModuleManager: Shutting down and abandoning module RuntimePhysXCooking (322)
[2020.11.17-09.05.40:748][137]LogModuleManager: Shutting down and abandoning module PhysXVehiclesEditor (320)
[2020.11.17-09.05.40:748][137]LogModuleManager: Shutting down and abandoning module LocationServicesBPLibrary (316)
[2020.11.17-09.05.40:748][137]LogModuleManager: Shutting down and abandoning module ActorSequence (314)
[2020.11.17-09.05.40:748][137]LogModuleManager: Shutting down and abandoning module UdpMessaging (312)
[2020.11.17-09.05.40:849][137]LogModuleManager: Shutting down and abandoning module TcpMessaging (310)
[2020.11.17-09.05.41:308][137]LogModuleManager: Shutting down and abandoning module MagicLeapARPin (308)
[2020.11.17-09.05.41:308][137]LogModuleManager: Shutting down and abandoning module MagicLeapHandMeshing (306)
[2020.11.17-09.05.41:308][137]LogModuleManager: Shutting down and abandoning module MagicLeapSecureStorage (304)
[2020.11.17-09.05.41:308][137]LogModuleManager: Shutting down and abandoning module MagicLeapPrivileges (302)
[2020.11.17-09.05.41:308][137]LogModuleManager: Shutting down and abandoning module MagicLeapPlanes (300)
[2020.11.17-09.05.41:308][137]LogMagicLeapPlanes: Planes tracker already destroyed.
[2020.11.17-09.05.41:308][137]LogModuleManager: Shutting down and abandoning module MagicLeapImageTracker (298)
[2020.11.17-09.05.41:308][137]LogModuleManager: Shutting down and abandoning module MagicLeapIdentity (296)
[2020.11.17-09.05.41:308][137]LogModuleManager: Shutting down and abandoning module MagicLeapHandTracking (294)
[2020.11.17-09.05.41:308][137]LogModuleManager: Shutting down and abandoning module MagicLeapEyeTracker (292)
[2020.11.17-09.05.41:308][137]LogModuleManager: Shutting down and abandoning module MagicLeapController (290)
[2020.11.17-09.05.41:308][137]LogSlate: Slate User Destroyed.  User Index 0, Is Virtual User: 0
[2020.11.17-09.05.41:308][137]LogModuleManager: Shutting down and abandoning module MagicLeapARPinImpl (288)
[2020.11.17-09.05.41:308][137]LogModuleManager: Shutting down and abandoning module MagicLeapAR (286)
[2020.11.17-09.05.41:308][137]LogModuleManager: Shutting down and abandoning module AugmentedReality (285)
[2020.11.17-09.05.41:308][137]LogModuleManager: Shutting down and abandoning module NiagaraAnimNotifies (282)
[2020.11.17-09.05.41:308][137]LogModuleManager: Shutting down and abandoning module Niagara (280)
[2020.11.17-09.05.41:308][137]LogModuleManager: Shutting down and abandoning module SignalProcessing (279)
[2020.11.17-09.05.41:308][137]LogModuleManager: Shutting down and abandoning module NiagaraEditor (277)
[2020.11.17-09.05.41:309][137]LogModuleManager: Shutting down and abandoning module NiagaraCore (274)
[2020.11.17-09.05.41:309][137]LogModuleManager: Shutting down and abandoning module GameplayTagsEditor (272)
[2020.11.17-09.05.41:309][137]LogModuleManager: Shutting down and abandoning module FacialAnimation (270)
[2020.11.17-09.05.41:309][137]LogModuleManager: Shutting down and abandoning module AssetManagerEditor (268)
[2020.11.17-09.05.41:309][137]LogModuleManager: Shutting down and abandoning module TreeMap (267)
[2020.11.17-09.05.41:309][137]LogModuleManager: Shutting down and abandoning module AnimationSharing (264)
[2020.11.17-09.05.41:309][137]LogModuleManager: Shutting down and abandoning module LightPropagationVolumeRuntime (262)
[2020.11.17-09.05.41:309][137]LogModuleManager: Shutting down and abandoning module Paper2D (260)
[2020.11.17-09.05.41:309][137]LogModuleManager: Shutting down and abandoning module WindowsMoviePlayer (258)
[2020.11.17-09.05.41:309][137]LogModuleManager: Shutting down and abandoning module WebMMoviePlayer (256)
[2020.11.17-09.05.41:309][137]LogModuleManager: Shutting down and abandoning module NetworkReplayStreaming (254)
[2020.11.17-09.05.41:309][137]LogModuleManager: Shutting down and abandoning module PacketHandler (252)
[2020.11.17-09.05.41:309][137]LogModuleManager: Shutting down and abandoning module ClothingSystemEditor (250)
[2020.11.17-09.05.41:309][137]LogModuleManager: Shutting down and abandoning module ClothingSystemRuntimeNv (248)
[2020.11.17-09.05.41:309][137]LogModuleManager: Shutting down and abandoning module MediaAssets (246)
[2020.11.17-09.05.41:309][137]LogModuleManager: Shutting down and abandoning module Overlay (244)
[2020.11.17-09.05.41:309][137]LogModuleManager: Shutting down and abandoning module OverlayEditor (243)
[2020.11.17-09.05.41:309][137]LogModuleManager: Shutting down and abandoning module VREditor (240)
[2020.11.17-09.05.41:309][137]LogModuleManager: Shutting down and abandoning module StringTableEditor (238)
[2020.11.17-09.05.41:309][137]LogModuleManager: Shutting down and abandoning module GameplayTasksEditor (236)
[2020.11.17-09.05.41:309][137]LogModuleManager: Shutting down and abandoning module BehaviorTreeEditor (234)
[2020.11.17-09.05.41:309][137]LogModuleManager: Shutting down and abandoning module FunctionalTesting (232)
[2020.11.17-09.05.41:309][137]LogModuleManager: Shutting down and abandoning module CollisionAnalyzer (230)
[2020.11.17-09.05.41:309][137]LogModuleManager: Shutting down and abandoning module UMG (228)
[2020.11.17-09.05.41:309][137]LogModuleManager: Shutting down and abandoning module UMGEditor (227)
[2020.11.17-09.05.41:309][137]LogModuleManager: Shutting down and abandoning module Sequencer (226)
[2020.11.17-09.05.41:310][137]LogModuleManager: Shutting down and abandoning module MessageLog (223)
[2020.11.17-09.05.41:310][137]LogModuleManager: Shutting down and abandoning module MaterialEditor (221)
[2020.11.17-09.05.41:310][137]LogModuleManager: Shutting down and abandoning module ContentBrowser (220)
[2020.11.17-09.05.41:310][137]LogModuleManager: Shutting down and abandoning module WorkspaceMenuStructure (219)
[2020.11.17-09.05.41:310][137]LogModuleManager: Shutting down and abandoning module CollectionManager (217)
[2020.11.17-09.05.41:310][137]LogDirectoryWatcher: A directory notification failed for 'X:/stungun/Saved/Collections/' because it was empty or there was a buffer overflow. Attemping another request...
[2020.11.17-09.05.41:312][137]LogDirectoryWatcher: A directory notification failed for 'X:/stungun/Saved/Collections/', and we were unable to create a new request.
[2020.11.17-09.05.41:312][137]LogDirectoryWatcher: A directory notification failed for 'X:/stungun/Content/Collections/' because it was empty or there was a buffer overflow. Attemping another request...
[2020.11.17-09.05.41:312][137]LogDirectoryWatcher: A directory notification failed for 'X:/stungun/Content/Collections/', and we were unable to create a new request.
[2020.11.17-09.05.41:312][137]LogDirectoryWatcher: A directory notification failed for 'X:/stungun/Content/Developers/vibelik/Collections/' because it was empty or there was a buffer overflow. Attemping another request...
[2020.11.17-09.05.41:314][137]LogDirectoryWatcher: A directory notification failed for 'X:/stungun/Content/Developers/vibelik/Collections/', and we were unable to create a new request.
[2020.11.17-09.05.41:316][137]LogModuleManager: Shutting down and abandoning module DirectoryWatcher (216)
[2020.11.17-09.05.41:316][137]LogModuleManager: Shutting down and abandoning module SlateReflector (208)
[2020.11.17-09.05.41:316][137]LogModuleManager: Shutting down and abandoning module Slate (206)
[2020.11.17-09.05.41:316][137]LogModuleManager: Shutting down and abandoning module SlateCore (204)
[2020.11.17-09.05.41:316][137]LogModuleManager: Shutting down and abandoning module LandscapeEditorUtilities (202)
[2020.11.17-09.05.41:316][137]LogModuleManager: Shutting down and abandoning module EditorStyle (200)
[2020.11.17-09.05.41:316][137]LogModuleManager: Shutting down and abandoning module UnrealEd (198)
[2020.11.17-09.05.41:316][137]LogModuleManager: Shutting down and abandoning module MRMesh (196)
[2020.11.17-09.05.41:316][137]LogModuleManager: Shutting down and abandoning module Messaging (194)
[2020.11.17-09.05.41:316][137]LogModuleManager: Shutting down and abandoning module SourceCodeAccess (192)
[2020.11.17-09.05.41:316][137]LogModuleManager: Shutting down and abandoning module HeadMountedDisplay (190)
[2020.11.17-09.05.41:316][137]LogModuleManager: Shutting down and abandoning module XAudio2 (188)
[2020.11.17-09.05.41:316][137]LogModuleManager: Shutting down and abandoning module Networking (186)
[2020.11.17-09.05.41:316][137]LogModuleManager: Shutting down and abandoning module Core (184)
[2020.11.17-09.05.41:316][137]LogModuleManager: Shutting down and abandoning module MovieSceneTools (182)
[2020.11.17-09.05.41:316][137]LogModuleManager: Shutting down and abandoning module KismetCompiler (180)
[2020.11.17-09.05.41:316][137]LogModuleManager: Shutting down and abandoning module MeshBuilder (178)
[2020.11.17-09.05.41:317][137]LogModuleManager: Shutting down and abandoning module MeshUtilities (176)
[2020.11.17-09.05.41:317][137]LogModuleManager: Shutting down and abandoning module MeshMergeUtilities (175)
[2020.11.17-09.05.41:317][137]LogModuleManager: Shutting down and abandoning module MeshReductionInterface (174)
[2020.11.17-09.05.41:317][137]LogModuleManager: Shutting down and abandoning module MeshBoneReduction (173)
[2020.11.17-09.05.41:317][137]LogModuleManager: Shutting down and abandoning module SkeletalMeshReduction (171)
[2020.11.17-09.05.41:317][137]LogModuleManager: Shutting down and abandoning module ProxyLODMeshReduction (169)
[2020.11.17-09.05.41:317][137]LogModuleManager: Shutting down and abandoning module QuadricMeshReduction (167)
[2020.11.17-09.05.41:317][137]LogModuleManager: Shutting down and abandoning module MaterialBaking (163)
[2020.11.17-09.05.41:317][137]LogModuleManager: Shutting down and abandoning module NullInstallBundleManager (158)
[2020.11.17-09.05.41:317][137]LogModuleManager: Shutting down and abandoning module PIEPreviewDeviceProfileSelector (156)
[2020.11.17-09.05.41:317][137]LogModuleManager: Shutting down and abandoning module DerivedDataCache (154)
[2020.11.17-09.05.41:317][137]LogModuleManager: Shutting down and abandoning module XGEController (152)
[2020.11.17-09.05.41:317][137]LogModuleManager: Shutting down and abandoning module TargetPlatform (150)
[2020.11.17-09.05.41:317][137]LogModuleManager: Shutting down and abandoning module VulkanShaderFormat (149)
[2020.11.17-09.05.41:317][137]LogModuleManager: Shutting down and abandoning module ShaderFormatVectorVM (147)
[2020.11.17-09.05.41:317][137]LogModuleManager: Shutting down and abandoning module ShaderFormatOpenGL (145)
[2020.11.17-09.05.41:317][137]LogModuleManager: Shutting down and abandoning module ShaderFormatD3D (143)
[2020.11.17-09.05.41:317][137]LogModuleManager: Shutting down and abandoning module MetalShaderFormat (141)
[2020.11.17-09.05.41:317][137]LogModuleManager: Shutting down and abandoning module TextureFormatUncompressed (139)
[2020.11.17-09.05.41:317][137]LogModuleManager: Shutting down and abandoning module TextureFormatPVR (137)
[2020.11.17-09.05.41:317][137]LogModuleManager: Shutting down and abandoning module TextureFormatDXT (135)
[2020.11.17-09.05.41:317][137]LogModuleManager: Shutting down and abandoning module TextureFormatIntelISPCTexComp (133)
[2020.11.17-09.05.41:317][137]LogModuleManager: Shutting down and abandoning module TextureFormatASTC (131)
[2020.11.17-09.05.41:317][137]LogModuleManager: Shutting down and abandoning module ImageWrapper (130)
[2020.11.17-09.05.41:317][137]LogModuleManager: Shutting down and abandoning module TextureFormatAndroid (127)
[2020.11.17-09.05.41:317][137]LogModuleManager: Shutting down and abandoning module AudioFormatOpus (125)
[2020.11.17-09.05.41:317][137]LogModuleManager: Shutting down and abandoning module AudioFormatOgg (123)
[2020.11.17-09.05.41:317][137]LogModuleManager: Shutting down and abandoning module AudioFormatADPCM (121)
[2020.11.17-09.05.41:317][137]LogModuleManager: Shutting down and abandoning module WindowsServerTargetPlatform (119)
[2020.11.17-09.05.41:317][137]LogModuleManager: Shutting down and abandoning module WindowsClientTargetPlatform (117)
[2020.11.17-09.05.41:317][137]LogModuleManager: Shutting down and abandoning module WindowsTargetPlatform (115)
[2020.11.17-09.05.41:317][137]LogModuleManager: Shutting down and abandoning module WindowsNoEditorTargetPlatform (113)
[2020.11.17-09.05.41:317][137]LogModuleManager: Shutting down and abandoning module InputCore (110)
[2020.11.17-09.05.41:317][137]LogModuleManager: Shutting down and abandoning module Settings (108)
[2020.11.17-09.05.41:317][137]LogModuleManager: Shutting down and abandoning module PhysXCooking (106)
[2020.11.17-09.05.41:317][137]LogModuleManager: Shutting down and abandoning module ChaosSolvers (104)
[2020.11.17-09.05.41:317][137]LogModuleManager: Shutting down and abandoning module FieldSystemEngine (103)
[2020.11.17-09.05.41:317][137]LogModuleManager: Shutting down and abandoning module Chaos (100)
[2020.11.17-09.05.41:317][137]LogModuleManager: Shutting down and abandoning module WindowsPlatformFeatures (98)
[2020.11.17-09.05.41:317][137]LogModuleManager: Shutting down and abandoning module GameplayMediaEncoder (97)
[2020.11.17-09.05.41:317][137]LogModuleManager: Shutting down and abandoning module AVEncoder (96)
[2020.11.17-09.05.41:317][137]LogModuleManager: Shutting down and abandoning module SteamVRInputDevice (92)
[2020.11.17-09.05.41:317][137]LogModuleManager: Shutting down and abandoning module SteamVRInput (90)
[2020.11.17-09.05.41:317][137]LogModuleManager: Shutting down and abandoning module SteamVR (88)
[2020.11.17-09.05.41:317][137]LogHMD: Freeing OpenVRDLLHandle.
[2020.11.17-09.05.41:317][137]LogModuleManager: Shutting down and abandoning module OculusHMD (86)
[2020.11.17-09.05.41:317][137]LogModuleManager: Shutting down and abandoning module ExampleDeviceProfileSelector (84)
[2020.11.17-09.05.41:317][137]LogModuleManager: Shutting down and abandoning module LauncherChunkInstaller (82)
[2020.11.17-09.05.41:317][137]LogModuleManager: Shutting down and abandoning module OnlineBlueprintSupport (80)
[2020.11.17-09.05.41:317][137]LogModuleManager: Shutting down and abandoning module OnlineSubsystem (76)
[2020.11.17-09.05.41:318][137]LogModuleManager: Shutting down and abandoning module XMPP (71)
[2020.11.17-09.05.41:318][137]LogModuleManager: Shutting down and abandoning module WebSockets (70)
[2020.11.17-09.05.41:325][137]LogModuleManager: Shutting down and abandoning module HTTP (67)
[2020.11.17-09.05.41:345][137]LogModuleManager: Shutting down and abandoning module SSL (66)
[2020.11.17-09.05.41:346][137]LogModuleManager: Shutting down and abandoning module WmfMedia (62)
[2020.11.17-09.05.41:347][137]LogModuleManager: Shutting down and abandoning module Media (61)
[2020.11.17-09.05.41:347][137]LogModuleManager: Shutting down and abandoning module MagicLeap (58)
[2020.11.17-09.05.41:347][137]LogModuleManager: Shutting down and abandoning module NiagaraVertexFactories (56)
[2020.11.17-09.05.41:347][137]LogModuleManager: Shutting down and abandoning module NiagaraShader (54)
[2020.11.17-09.05.41:347][137]LogModuleManager: Shutting down and abandoning module VariantManagerContent (52)
[2020.11.17-09.05.41:347][137]LogModuleManager: Shutting down and abandoning module DatasmithContent (50)
[2020.11.17-09.05.41:364][137]LogModuleManager: Shutting down and abandoning module AISupportModule (48)
[2020.11.17-09.05.41:364][137]LogModuleManager: Shutting down and abandoning module DesktopPlatform (46)
[2020.11.17-09.05.41:364][137]LogModuleManager: Shutting down and abandoning module PlatformCryptoOpenSSL (44)
[2020.11.17-09.05.41:364][137]LogModuleManager: Shutting down and abandoning module PlatformCryptoTypes (42)
[2020.11.17-09.05.41:364][137]LogModuleManager: Shutting down and abandoning module PlatformCrypto (40)
[2020.11.17-09.05.41:364][137]LogModuleManager: Shutting down and abandoning module AnimationModifiers (38)
[2020.11.17-09.05.41:364][137]LogModuleManager: Shutting down and abandoning module PropertyEditor (37)
[2020.11.17-09.05.41:364][137]LogModuleManager: Shutting down and abandoning module AudioEditor (34)
[2020.11.17-09.05.41:364][137]LogModuleManager: Shutting down and abandoning module TextureCompressor (32)
[2020.11.17-09.05.41:364][137]LogModuleManager: Shutting down and abandoning module RenderCore (30)
[2020.11.17-09.05.41:364][137]LogModuleManager: Shutting down and abandoning module Landscape (28)
[2020.11.17-09.05.41:364][137]LogModuleManager: Shutting down and abandoning module SlateRHIRenderer (26)
[2020.11.17-09.05.41:364][137]LogModuleManager: Shutting down and abandoning module OpenGLDrv (24)
[2020.11.17-09.05.41:364][137]LogModuleManager: Shutting down and abandoning module D3D11RHI (22)
[2020.11.17-09.05.41:364][137]LogModuleManager: Shutting down and abandoning module AnimGraphRuntime (20)
[2020.11.17-09.05.41:364][137]LogModuleManager: Shutting down and abandoning module Renderer (18)
[2020.11.17-09.05.41:364][137]LogModuleManager: Shutting down and abandoning module Engine (16)
[2020.11.17-09.05.41:364][137]LogModuleManager: Shutting down and abandoning module CoreUObject (14)
[2020.11.17-09.05.41:364][137]LogModuleManager: Shutting down and abandoning module NetworkFile (12)
[2020.11.17-09.05.41:364][137]LogModuleManager: Shutting down and abandoning module CookedIterativeFile (10)
[2020.11.17-09.05.41:364][137]LogModuleManager: Shutting down and abandoning module StreamingFile (8)
[2020.11.17-09.05.41:364][137]LogModuleManager: Shutting down and abandoning module SandboxFile (6)
[2020.11.17-09.05.41:364][137]LogModuleManager: Shutting down and abandoning module PakFile (4)
[2020.11.17-09.05.41:364][137]LogModuleManager: Shutting down and abandoning module RSA (3)
[2020.11.17-09.05.41:669][137]LogContentStreaming: Display: There are 1 unreleased StreamingManagers
[2020.11.17-09.05.41:671][137]LogD3D11RHI: Shutdown
[2020.11.17-09.05.41:671][137]LogD3D11RHI: CleanupD3DDevice
[2020.11.17-09.05.41:682][137]LogExit: Exiting.
[2020.11.17-09.05.41:696][137]Log file closed, 11/17/20 12:05:41
